The target system is: Android - 1 - x86_64
The host system is: Darwin - 18.7.0 - x86_64
Determining if the C compiler works passed with the following output:
Change Dir: /MacosExt/Users/larpoux/projmac/luakit/LuaKitProject/src/Projects/curl/CMakeFiles/CMakeTmp

Run Build Command(s):/usr/bin/make cmTC_e60b8/fast && /Applications/Dev/Xcode.app/Contents/Developer/usr/bin/make -f CMakeFiles/cmTC_e60b8.dir/build.make CMakeFiles/cmTC_e60b8.dir/build
Building C object CMakeFiles/cmTC_e60b8.dir/testCCompiler.c.o
/MacosExt/Users/larpoux/android-sdk-macosx/ndk-bundle/toolchains/llvm/prebuilt/darwin-x86_64/bin/clang --target=x86_64-none-linux-android28 --gcc-toolchain=/MacosExt/Users/larpoux/android-sdk-macosx/ndk-bundle/toolchains/llvm/prebuilt/darwin-x86_64 --sysroot=/MacosExt/Users/larpoux/android-sdk-macosx/ndk-bundle/toolchains/llvm/prebuilt/darwin-x86_64/sysroot   -g -DANDROID -fdata-sections -ffunction-sections -funwind-tables -fstack-protector-strong -no-canonical-prefixes -fno-addrsig -Wa,--noexecstack -Wformat -Werror=format-security   -fPIE   -o CMakeFiles/cmTC_e60b8.dir/testCCompiler.c.o   -c /MacosExt/Users/larpoux/projmac/luakit/LuaKitProject/src/Projects/curl/CMakeFiles/CMakeTmp/testCCompiler.c
Linking C executable cmTC_e60b8
/usr/local/Cellar/cmake/3.15.0/bin/cmake -E cmake_link_script CMakeFiles/cmTC_e60b8.dir/link.txt --verbose=1
/MacosExt/Users/larpoux/android-sdk-macosx/ndk-bundle/toolchains/llvm/prebuilt/darwin-x86_64/bin/clang --target=x86_64-none-linux-android28 --gcc-toolchain=/MacosExt/Users/larpoux/android-sdk-macosx/ndk-bundle/toolchains/llvm/prebuilt/darwin-x86_64 --sysroot=/MacosExt/Users/larpoux/android-sdk-macosx/ndk-bundle/toolchains/llvm/prebuilt/darwin-x86_64/sysroot -g -DANDROID -fdata-sections -ffunction-sections -funwind-tables -fstack-protector-strong -no-canonical-prefixes -fno-addrsig -Wa,--noexecstack -Wformat -Werror=format-security    -Wl,--exclude-libs,libgcc.a -Wl,--exclude-libs,libatomic.a -static-libstdc++ -Wl,--build-id -Wl,--warn-shared-textrel -Wl,--fatal-warnings -Wl,--no-undefined -Qunused-arguments -Wl,-z,noexecstack -Wl,--gc-sections   CMakeFiles/cmTC_e60b8.dir/testCCompiler.c.o  -o cmTC_e60b8 -latomic -lm 



Detecting C compiler ABI info compiled with the following output:
Change Dir: /MacosExt/Users/larpoux/projmac/luakit/LuaKitProject/src/Projects/curl/CMakeFiles/CMakeTmp

Run Build Command(s):/usr/bin/make cmTC_45716/fast && /Applications/Dev/Xcode.app/Contents/Developer/usr/bin/make -f CMakeFiles/cmTC_45716.dir/build.make CMakeFiles/cmTC_45716.dir/build
Building C object CMakeFiles/cmTC_45716.dir/CMakeCCompilerABI.c.o
/MacosExt/Users/larpoux/android-sdk-macosx/ndk-bundle/toolchains/llvm/prebuilt/darwin-x86_64/bin/clang --target=x86_64-none-linux-android28 --gcc-toolchain=/MacosExt/Users/larpoux/android-sdk-macosx/ndk-bundle/toolchains/llvm/prebuilt/darwin-x86_64 --sysroot=/MacosExt/Users/larpoux/android-sdk-macosx/ndk-bundle/toolchains/llvm/prebuilt/darwin-x86_64/sysroot   -g -DANDROID -fdata-sections -ffunction-sections -funwind-tables -fstack-protector-strong -no-canonical-prefixes -fno-addrsig -Wa,--noexecstack -Wformat -Werror=format-security   -fPIE   -v -o CMakeFiles/cmTC_45716.dir/CMakeCCompilerABI.c.o   -c /usr/local/Cellar/cmake/3.15.0/share/cmake/Modules/CMakeCCompilerABI.c
Android (5220042 based on r346389c) clang version 8.0.7 (https://android.googlesource.com/toolchain/clang b55f2d4ebfd35bf643d27dbca1bb228957008617) (https://android.googlesource.com/toolchain/llvm 3c393fe7a7e13b0fba4ac75a01aa683d7a5b11cd) (based on LLVM 8.0.7svn)
Target: x86_64-none-linux-android28
Thread model: posix
InstalledDir: /MacosExt/Users/larpoux/android-sdk-macosx/ndk-bundle/toolchains/llvm/prebuilt/darwin-x86_64/bin
Found candidate GCC installation: /MacosExt/Users/larpoux/android-sdk-macosx/ndk-bundle/toolchains/llvm/prebuilt/darwin-x86_64/lib/gcc/i686-linux-android/4.9.x
Found candidate GCC installation: /MacosExt/Users/larpoux/android-sdk-macosx/ndk-bundle/toolchains/llvm/prebuilt/darwin-x86_64/lib/gcc/x86_64-linux-android/4.9.x
Selected GCC installation: /MacosExt/Users/larpoux/android-sdk-macosx/ndk-bundle/toolchains/llvm/prebuilt/darwin-x86_64/lib/gcc/x86_64-linux-android/4.9.x
Candidate multilib: .;@m64
Selected multilib: .;@m64
 "/MacosExt/Users/larpoux/android-sdk-macosx/ndk-bundle/toolchains/llvm/prebuilt/darwin-x86_64/bin/clang" -cc1 -triple x86_64-none-linux-android28 -emit-obj -mrelax-all -mnoexecstack -disable-free -disable-llvm-verifier -discard-value-names -main-file-name CMakeCCompilerABI.c -mrelocation-model pic -pic-level 2 -pic-is-pie -mthread-model posix -mdisable-fp-elim -masm-verbose -mconstructor-aliases -munwind-tables -fuse-init-array -target-cpu x86-64 -target-feature +sse4.2 -target-feature +popcnt -dwarf-column-info -debug-info-kind=limited -dwarf-version=4 -debugger-tuning=gdb -target-linker-version 241.9 -v -ffunction-sections -fdata-sections -coverage-notes-file /MacosExt/Users/larpoux/projmac/luakit/LuaKitProject/src/Projects/curl/CMakeFiles/CMakeTmp/CMakeFiles/cmTC_45716.dir/CMakeCCompilerABI.c.gcno -resource-dir /MacosExt/Users/larpoux/android-sdk-macosx/ndk-bundle/toolchains/llvm/prebuilt/darwin-x86_64/lib64/clang/8.0.7 -D ANDROID -isysroot /MacosExt/Users/larpoux/android-sdk-macosx/ndk-bundle/toolchains/llvm/prebuilt/darwin-x86_64/sysroot -internal-isystem /MacosExt/Users/larpoux/android-sdk-macosx/ndk-bundle/toolchains/llvm/prebuilt/darwin-x86_64/sysroot/usr/local/include -internal-isystem /MacosExt/Users/larpoux/android-sdk-macosx/ndk-bundle/toolchains/llvm/prebuilt/darwin-x86_64/lib64/clang/8.0.7/include -internal-externc-isystem /MacosExt/Users/larpoux/android-sdk-macosx/ndk-bundle/toolchains/llvm/prebuilt/darwin-x86_64/sysroot/usr/include/x86_64-linux-android -internal-externc-isystem /MacosExt/Users/larpoux/android-sdk-macosx/ndk-bundle/toolchains/llvm/prebuilt/darwin-x86_64/sysroot/include -internal-externc-isystem /MacosExt/Users/larpoux/android-sdk-macosx/ndk-bundle/toolchains/llvm/prebuilt/darwin-x86_64/sysroot/usr/include -Wformat -Werror=format-security -fdebug-compilation-dir /MacosExt/Users/larpoux/projmac/luakit/LuaKitProject/src/Projects/curl/CMakeFiles/CMakeTmp -ferror-limit 19 -fmessage-length 0 -stack-protector 2 -fobjc-runtime=gcc -fdiagnostics-show-option -o CMakeFiles/cmTC_45716.dir/CMakeCCompilerABI.c.o -x c /usr/local/Cellar/cmake/3.15.0/share/cmake/Modules/CMakeCCompilerABI.c
clang -cc1 version 8.0.7 based upon LLVM 8.0.7svn default target x86_64-apple-darwin18.7.0
ignoring nonexistent directory "/MacosExt/Users/larpoux/android-sdk-macosx/ndk-bundle/toolchains/llvm/prebuilt/darwin-x86_64/sysroot/include"
#include "..." search starts here:
#include <...> search starts here:
 /MacosExt/Users/larpoux/android-sdk-macosx/ndk-bundle/toolchains/llvm/prebuilt/darwin-x86_64/sysroot/usr/local/include
 /MacosExt/Users/larpoux/android-sdk-macosx/ndk-bundle/toolchains/llvm/prebuilt/darwin-x86_64/lib64/clang/8.0.7/include
 /MacosExt/Users/larpoux/android-sdk-macosx/ndk-bundle/toolchains/llvm/prebuilt/darwin-x86_64/sysroot/usr/include/x86_64-linux-android
 /MacosExt/Users/larpoux/android-sdk-macosx/ndk-bundle/toolchains/llvm/prebuilt/darwin-x86_64/sysroot/usr/include
End of search list.
Linking C executable cmTC_45716
/usr/local/Cellar/cmake/3.15.0/bin/cmake -E cmake_link_script CMakeFiles/cmTC_45716.dir/link.txt --verbose=1
/MacosExt/Users/larpoux/android-sdk-macosx/ndk-bundle/toolchains/llvm/prebuilt/darwin-x86_64/bin/clang --target=x86_64-none-linux-android28 --gcc-toolchain=/MacosExt/Users/larpoux/android-sdk-macosx/ndk-bundle/toolchains/llvm/prebuilt/darwin-x86_64 --sysroot=/MacosExt/Users/larpoux/android-sdk-macosx/ndk-bundle/toolchains/llvm/prebuilt/darwin-x86_64/sysroot -g -DANDROID -fdata-sections -ffunction-sections -funwind-tables -fstack-protector-strong -no-canonical-prefixes -fno-addrsig -Wa,--noexecstack -Wformat -Werror=format-security    -Wl,--exclude-libs,libgcc.a -Wl,--exclude-libs,libatomic.a -static-libstdc++ -Wl,--build-id -Wl,--warn-shared-textrel -Wl,--fatal-warnings -Wl,--no-undefined -Qunused-arguments -Wl,-z,noexecstack -Wl,--gc-sections  -v CMakeFiles/cmTC_45716.dir/CMakeCCompilerABI.c.o  -o cmTC_45716 
Android (5220042 based on r346389c) clang version 8.0.7 (https://android.googlesource.com/toolchain/clang b55f2d4ebfd35bf643d27dbca1bb228957008617) (https://android.googlesource.com/toolchain/llvm 3c393fe7a7e13b0fba4ac75a01aa683d7a5b11cd) (based on LLVM 8.0.7svn)
Target: x86_64-none-linux-android28
Thread model: posix
InstalledDir: /MacosExt/Users/larpoux/android-sdk-macosx/ndk-bundle/toolchains/llvm/prebuilt/darwin-x86_64/bin
Found candidate GCC installation: /MacosExt/Users/larpoux/android-sdk-macosx/ndk-bundle/toolchains/llvm/prebuilt/darwin-x86_64/lib/gcc/i686-linux-android/4.9.x
Found candidate GCC installation: /MacosExt/Users/larpoux/android-sdk-macosx/ndk-bundle/toolchains/llvm/prebuilt/darwin-x86_64/lib/gcc/x86_64-linux-android/4.9.x
Selected GCC installation: /MacosExt/Users/larpoux/android-sdk-macosx/ndk-bundle/toolchains/llvm/prebuilt/darwin-x86_64/lib/gcc/x86_64-linux-android/4.9.x
Candidate multilib: .;@m64
Selected multilib: .;@m64
 "/MacosExt/Users/larpoux/android-sdk-macosx/ndk-bundle/toolchains/llvm/prebuilt/darwin-x86_64/lib/gcc/x86_64-linux-android/4.9.x/../../../../x86_64-linux-android/bin/ld" --sysroot=/MacosExt/Users/larpoux/android-sdk-macosx/ndk-bundle/toolchains/llvm/prebuilt/darwin-x86_64/sysroot -pie -z now -z relro --hash-style=gnu --enable-new-dtags --eh-frame-hdr -m elf_x86_64 -dynamic-linker /system/bin/linker64 -o cmTC_45716 /MacosExt/Users/larpoux/android-sdk-macosx/ndk-bundle/toolchains/llvm/prebuilt/darwin-x86_64/sysroot/usr/lib/x86_64-linux-android/28/crtbegin_dynamic.o -L/MacosExt/Users/larpoux/android-sdk-macosx/ndk-bundle/toolchains/llvm/prebuilt/darwin-x86_64/lib64/clang/8.0.7/lib/linux/x86_64 -L/MacosExt/Users/larpoux/android-sdk-macosx/ndk-bundle/toolchains/llvm/prebuilt/darwin-x86_64/lib/gcc/x86_64-linux-android/4.9.x -L/MacosExt/Users/larpoux/android-sdk-macosx/ndk-bundle/toolchains/llvm/prebuilt/darwin-x86_64/lib/gcc/x86_64-linux-android/4.9.x/../../../../x86_64-linux-android/lib/../lib64 -L/MacosExt/Users/larpoux/android-sdk-macosx/ndk-bundle/toolchains/llvm/prebuilt/darwin-x86_64/sysroot/usr/lib/x86_64-linux-android/28 -L/MacosExt/Users/larpoux/android-sdk-macosx/ndk-bundle/toolchains/llvm/prebuilt/darwin-x86_64/sysroot/usr/lib/x86_64-linux-android -L/MacosExt/Users/larpoux/android-sdk-macosx/ndk-bundle/toolchains/llvm/prebuilt/darwin-x86_64/lib/gcc/x86_64-linux-android/4.9.x/../../../../x86_64-linux-android/lib -L/MacosExt/Users/larpoux/android-sdk-macosx/ndk-bundle/toolchains/llvm/prebuilt/darwin-x86_64/sysroot/usr/lib --exclude-libs libgcc.a --exclude-libs libatomic.a --build-id --warn-shared-textrel --fatal-warnings --no-undefined -z noexecstack --gc-sections CMakeFiles/cmTC_45716.dir/CMakeCCompilerABI.c.o -lgcc -ldl -lc -lgcc -ldl /MacosExt/Users/larpoux/android-sdk-macosx/ndk-bundle/toolchains/llvm/prebuilt/darwin-x86_64/sysroot/usr/lib/x86_64-linux-android/28/crtend_android.o



Parsed C implicit include dir info from above output: rv=done
  found start of include info
  found start of implicit include info
    add: [/MacosExt/Users/larpoux/android-sdk-macosx/ndk-bundle/toolchains/llvm/prebuilt/darwin-x86_64/sysroot/usr/local/include]
    add: [/MacosExt/Users/larpoux/android-sdk-macosx/ndk-bundle/toolchains/llvm/prebuilt/darwin-x86_64/lib64/clang/8.0.7/include]
    add: [/MacosExt/Users/larpoux/android-sdk-macosx/ndk-bundle/toolchains/llvm/prebuilt/darwin-x86_64/sysroot/usr/include/x86_64-linux-android]
    add: [/MacosExt/Users/larpoux/android-sdk-macosx/ndk-bundle/toolchains/llvm/prebuilt/darwin-x86_64/sysroot/usr/include]
  end of search list found
  collapse include dir [/MacosExt/Users/larpoux/android-sdk-macosx/ndk-bundle/toolchains/llvm/prebuilt/darwin-x86_64/sysroot/usr/local/include] ==> [/MacosExt/Users/larpoux/android-sdk-macosx/ndk-bundle/toolchains/llvm/prebuilt/darwin-x86_64/sysroot/usr/local/include]
  collapse include dir [/MacosExt/Users/larpoux/android-sdk-macosx/ndk-bundle/toolchains/llvm/prebuilt/darwin-x86_64/lib64/clang/8.0.7/include] ==> [/MacosExt/Users/larpoux/android-sdk-macosx/ndk-bundle/toolchains/llvm/prebuilt/darwin-x86_64/lib64/clang/8.0.7/include]
  collapse include dir [/MacosExt/Users/larpoux/android-sdk-macosx/ndk-bundle/toolchains/llvm/prebuilt/darwin-x86_64/sysroot/usr/include/x86_64-linux-android] ==> [/MacosExt/Users/larpoux/android-sdk-macosx/ndk-bundle/toolchains/llvm/prebuilt/darwin-x86_64/sysroot/usr/include/x86_64-linux-android]
  collapse include dir [/MacosExt/Users/larpoux/android-sdk-macosx/ndk-bundle/toolchains/llvm/prebuilt/darwin-x86_64/sysroot/usr/include] ==> [/MacosExt/Users/larpoux/android-sdk-macosx/ndk-bundle/toolchains/llvm/prebuilt/darwin-x86_64/sysroot/usr/include]
  implicit include dirs: [/MacosExt/Users/larpoux/android-sdk-macosx/ndk-bundle/toolchains/llvm/prebuilt/darwin-x86_64/sysroot/usr/local/include;/MacosExt/Users/larpoux/android-sdk-macosx/ndk-bundle/toolchains/llvm/prebuilt/darwin-x86_64/lib64/clang/8.0.7/include;/MacosExt/Users/larpoux/android-sdk-macosx/ndk-bundle/toolchains/llvm/prebuilt/darwin-x86_64/sysroot/usr/include/x86_64-linux-android;/MacosExt/Users/larpoux/android-sdk-macosx/ndk-bundle/toolchains/llvm/prebuilt/darwin-x86_64/sysroot/usr/include]


Parsed C implicit link information from above output:
  link line regex: [^( *|.*[/\])(x86_64-linux-android-ld|CMAKE_LINK_STARTFILE-NOTFOUND|([^/\]+-)?ld|collect2)[^/\]*( |$)]
  ignore line: [Change Dir: /MacosExt/Users/larpoux/projmac/luakit/LuaKitProject/src/Projects/curl/CMakeFiles/CMakeTmp]
  ignore line: []
  ignore line: [Run Build Command(s):/usr/bin/make cmTC_45716/fast && /Applications/Dev/Xcode.app/Contents/Developer/usr/bin/make -f CMakeFiles/cmTC_45716.dir/build.make CMakeFiles/cmTC_45716.dir/build]
  ignore line: [Building C object CMakeFiles/cmTC_45716.dir/CMakeCCompilerABI.c.o]
  ignore line: [/MacosExt/Users/larpoux/android-sdk-macosx/ndk-bundle/toolchains/llvm/prebuilt/darwin-x86_64/bin/clang --target=x86_64-none-linux-android28 --gcc-toolchain=/MacosExt/Users/larpoux/android-sdk-macosx/ndk-bundle/toolchains/llvm/prebuilt/darwin-x86_64 --sysroot=/MacosExt/Users/larpoux/android-sdk-macosx/ndk-bundle/toolchains/llvm/prebuilt/darwin-x86_64/sysroot   -g -DANDROID -fdata-sections -ffunction-sections -funwind-tables -fstack-protector-strong -no-canonical-prefixes -fno-addrsig -Wa,--noexecstack -Wformat -Werror=format-security   -fPIE   -v -o CMakeFiles/cmTC_45716.dir/CMakeCCompilerABI.c.o   -c /usr/local/Cellar/cmake/3.15.0/share/cmake/Modules/CMakeCCompilerABI.c]
  ignore line: [Android (5220042 based on r346389c) clang version 8.0.7 (https://android.googlesource.com/toolchain/clang b55f2d4ebfd35bf643d27dbca1bb228957008617) (https://android.googlesource.com/toolchain/llvm 3c393fe7a7e13b0fba4ac75a01aa683d7a5b11cd) (based on LLVM 8.0.7svn)]
  ignore line: [Target: x86_64-none-linux-android28]
  ignore line: [Thread model: posix]
  ignore line: [InstalledDir: /MacosExt/Users/larpoux/android-sdk-macosx/ndk-bundle/toolchains/llvm/prebuilt/darwin-x86_64/bin]
  ignore line: [Found candidate GCC installation: /MacosExt/Users/larpoux/android-sdk-macosx/ndk-bundle/toolchains/llvm/prebuilt/darwin-x86_64/lib/gcc/i686-linux-android/4.9.x]
  ignore line: [Found candidate GCC installation: /MacosExt/Users/larpoux/android-sdk-macosx/ndk-bundle/toolchains/llvm/prebuilt/darwin-x86_64/lib/gcc/x86_64-linux-android/4.9.x]
  ignore line: [Selected GCC installation: /MacosExt/Users/larpoux/android-sdk-macosx/ndk-bundle/toolchains/llvm/prebuilt/darwin-x86_64/lib/gcc/x86_64-linux-android/4.9.x]
  ignore line: [Candidate multilib: .]
  ignore line: [@m64]
  ignore line: [Selected multilib: .]
  ignore line: [@m64]
  ignore line: [ "/MacosExt/Users/larpoux/android-sdk-macosx/ndk-bundle/toolchains/llvm/prebuilt/darwin-x86_64/bin/clang" -cc1 -triple x86_64-none-linux-android28 -emit-obj -mrelax-all -mnoexecstack -disable-free -disable-llvm-verifier -discard-value-names -main-file-name CMakeCCompilerABI.c -mrelocation-model pic -pic-level 2 -pic-is-pie -mthread-model posix -mdisable-fp-elim -masm-verbose -mconstructor-aliases -munwind-tables -fuse-init-array -target-cpu x86-64 -target-feature +sse4.2 -target-feature +popcnt -dwarf-column-info -debug-info-kind=limited -dwarf-version=4 -debugger-tuning=gdb -target-linker-version 241.9 -v -ffunction-sections -fdata-sections -coverage-notes-file /MacosExt/Users/larpoux/projmac/luakit/LuaKitProject/src/Projects/curl/CMakeFiles/CMakeTmp/CMakeFiles/cmTC_45716.dir/CMakeCCompilerABI.c.gcno -resource-dir /MacosExt/Users/larpoux/android-sdk-macosx/ndk-bundle/toolchains/llvm/prebuilt/darwin-x86_64/lib64/clang/8.0.7 -D ANDROID -isysroot /MacosExt/Users/larpoux/android-sdk-macosx/ndk-bundle/toolchains/llvm/prebuilt/darwin-x86_64/sysroot -internal-isystem /MacosExt/Users/larpoux/android-sdk-macosx/ndk-bundle/toolchains/llvm/prebuilt/darwin-x86_64/sysroot/usr/local/include -internal-isystem /MacosExt/Users/larpoux/android-sdk-macosx/ndk-bundle/toolchains/llvm/prebuilt/darwin-x86_64/lib64/clang/8.0.7/include -internal-externc-isystem /MacosExt/Users/larpoux/android-sdk-macosx/ndk-bundle/toolchains/llvm/prebuilt/darwin-x86_64/sysroot/usr/include/x86_64-linux-android -internal-externc-isystem /MacosExt/Users/larpoux/android-sdk-macosx/ndk-bundle/toolchains/llvm/prebuilt/darwin-x86_64/sysroot/include -internal-externc-isystem /MacosExt/Users/larpoux/android-sdk-macosx/ndk-bundle/toolchains/llvm/prebuilt/darwin-x86_64/sysroot/usr/include -Wformat -Werror=format-security -fdebug-compilation-dir /MacosExt/Users/larpoux/projmac/luakit/LuaKitProject/src/Projects/curl/CMakeFiles/CMakeTmp -ferror-limit 19 -fmessage-length 0 -stack-protector 2 -fobjc-runtime=gcc -fdiagnostics-show-option -o CMakeFiles/cmTC_45716.dir/CMakeCCompilerABI.c.o -x c /usr/local/Cellar/cmake/3.15.0/share/cmake/Modules/CMakeCCompilerABI.c]
  ignore line: [clang -cc1 version 8.0.7 based upon LLVM 8.0.7svn default target x86_64-apple-darwin18.7.0]
  ignore line: [ignoring nonexistent directory "/MacosExt/Users/larpoux/android-sdk-macosx/ndk-bundle/toolchains/llvm/prebuilt/darwin-x86_64/sysroot/include"]
  ignore line: [#include "..." search starts here:]
  ignore line: [#include <...> search starts here:]
  ignore line: [ /MacosExt/Users/larpoux/android-sdk-macosx/ndk-bundle/toolchains/llvm/prebuilt/darwin-x86_64/sysroot/usr/local/include]
  ignore line: [ /MacosExt/Users/larpoux/android-sdk-macosx/ndk-bundle/toolchains/llvm/prebuilt/darwin-x86_64/lib64/clang/8.0.7/include]
  ignore line: [ /MacosExt/Users/larpoux/android-sdk-macosx/ndk-bundle/toolchains/llvm/prebuilt/darwin-x86_64/sysroot/usr/include/x86_64-linux-android]
  ignore line: [ /MacosExt/Users/larpoux/android-sdk-macosx/ndk-bundle/toolchains/llvm/prebuilt/darwin-x86_64/sysroot/usr/include]
  ignore line: [End of search list.]
  ignore line: [Linking C executable cmTC_45716]
  ignore line: [/usr/local/Cellar/cmake/3.15.0/bin/cmake -E cmake_link_script CMakeFiles/cmTC_45716.dir/link.txt --verbose=1]
  ignore line: [/MacosExt/Users/larpoux/android-sdk-macosx/ndk-bundle/toolchains/llvm/prebuilt/darwin-x86_64/bin/clang --target=x86_64-none-linux-android28 --gcc-toolchain=/MacosExt/Users/larpoux/android-sdk-macosx/ndk-bundle/toolchains/llvm/prebuilt/darwin-x86_64 --sysroot=/MacosExt/Users/larpoux/android-sdk-macosx/ndk-bundle/toolchains/llvm/prebuilt/darwin-x86_64/sysroot -g -DANDROID -fdata-sections -ffunction-sections -funwind-tables -fstack-protector-strong -no-canonical-prefixes -fno-addrsig -Wa,--noexecstack -Wformat -Werror=format-security    -Wl,--exclude-libs,libgcc.a -Wl,--exclude-libs,libatomic.a -static-libstdc++ -Wl,--build-id -Wl,--warn-shared-textrel -Wl,--fatal-warnings -Wl,--no-undefined -Qunused-arguments -Wl,-z,noexecstack -Wl,--gc-sections  -v CMakeFiles/cmTC_45716.dir/CMakeCCompilerABI.c.o  -o cmTC_45716 ]
  ignore line: [Android (5220042 based on r346389c) clang version 8.0.7 (https://android.googlesource.com/toolchain/clang b55f2d4ebfd35bf643d27dbca1bb228957008617) (https://android.googlesource.com/toolchain/llvm 3c393fe7a7e13b0fba4ac75a01aa683d7a5b11cd) (based on LLVM 8.0.7svn)]
  ignore line: [Target: x86_64-none-linux-android28]
  ignore line: [Thread model: posix]
  ignore line: [InstalledDir: /MacosExt/Users/larpoux/android-sdk-macosx/ndk-bundle/toolchains/llvm/prebuilt/darwin-x86_64/bin]
  ignore line: [Found candidate GCC installation: /MacosExt/Users/larpoux/android-sdk-macosx/ndk-bundle/toolchains/llvm/prebuilt/darwin-x86_64/lib/gcc/i686-linux-android/4.9.x]
  ignore line: [Found candidate GCC installation: /MacosExt/Users/larpoux/android-sdk-macosx/ndk-bundle/toolchains/llvm/prebuilt/darwin-x86_64/lib/gcc/x86_64-linux-android/4.9.x]
  ignore line: [Selected GCC installation: /MacosExt/Users/larpoux/android-sdk-macosx/ndk-bundle/toolchains/llvm/prebuilt/darwin-x86_64/lib/gcc/x86_64-linux-android/4.9.x]
  ignore line: [Candidate multilib: .]
  ignore line: [@m64]
  ignore line: [Selected multilib: .]
  ignore line: [@m64]
  link line: [ "/MacosExt/Users/larpoux/android-sdk-macosx/ndk-bundle/toolchains/llvm/prebuilt/darwin-x86_64/lib/gcc/x86_64-linux-android/4.9.x/../../../../x86_64-linux-android/bin/ld" --sysroot=/MacosExt/Users/larpoux/android-sdk-macosx/ndk-bundle/toolchains/llvm/prebuilt/darwin-x86_64/sysroot -pie -z now -z relro --hash-style=gnu --enable-new-dtags --eh-frame-hdr -m elf_x86_64 -dynamic-linker /system/bin/linker64 -o cmTC_45716 /MacosExt/Users/larpoux/android-sdk-macosx/ndk-bundle/toolchains/llvm/prebuilt/darwin-x86_64/sysroot/usr/lib/x86_64-linux-android/28/crtbegin_dynamic.o -L/MacosExt/Users/larpoux/android-sdk-macosx/ndk-bundle/toolchains/llvm/prebuilt/darwin-x86_64/lib64/clang/8.0.7/lib/linux/x86_64 -L/MacosExt/Users/larpoux/android-sdk-macosx/ndk-bundle/toolchains/llvm/prebuilt/darwin-x86_64/lib/gcc/x86_64-linux-android/4.9.x -L/MacosExt/Users/larpoux/android-sdk-macosx/ndk-bundle/toolchains/llvm/prebuilt/darwin-x86_64/lib/gcc/x86_64-linux-android/4.9.x/../../../../x86_64-linux-android/lib/../lib64 -L/MacosExt/Users/larpoux/android-sdk-macosx/ndk-bundle/toolchains/llvm/prebuilt/darwin-x86_64/sysroot/usr/lib/x86_64-linux-android/28 -L/MacosExt/Users/larpoux/android-sdk-macosx/ndk-bundle/toolchains/llvm/prebuilt/darwin-x86_64/sysroot/usr/lib/x86_64-linux-android -L/MacosExt/Users/larpoux/android-sdk-macosx/ndk-bundle/toolchains/llvm/prebuilt/darwin-x86_64/lib/gcc/x86_64-linux-android/4.9.x/../../../../x86_64-linux-android/lib -L/MacosExt/Users/larpoux/android-sdk-macosx/ndk-bundle/toolchains/llvm/prebuilt/darwin-x86_64/sysroot/usr/lib --exclude-libs libgcc.a --exclude-libs libatomic.a --build-id --warn-shared-textrel --fatal-warnings --no-undefined -z noexecstack --gc-sections CMakeFiles/cmTC_45716.dir/CMakeCCompilerABI.c.o -lgcc -ldl -lc -lgcc -ldl /MacosExt/Users/larpoux/android-sdk-macosx/ndk-bundle/toolchains/llvm/prebuilt/darwin-x86_64/sysroot/usr/lib/x86_64-linux-android/28/crtend_android.o]
    arg [/MacosExt/Users/larpoux/android-sdk-macosx/ndk-bundle/toolchains/llvm/prebuilt/darwin-x86_64/lib/gcc/x86_64-linux-android/4.9.x/../../../../x86_64-linux-android/bin/ld] ==> ignore
    arg [--sysroot=/MacosExt/Users/larpoux/android-sdk-macosx/ndk-bundle/toolchains/llvm/prebuilt/darwin-x86_64/sysroot] ==> ignore
    arg [-pie] ==> ignore
    arg [-znow] ==> ignore
    arg [-zrelro] ==> ignore
    arg [--hash-style=gnu] ==> ignore
    arg [--enable-new-dtags] ==> ignore
    arg [--eh-frame-hdr] ==> ignore
    arg [-m] ==> ignore
    arg [elf_x86_64] ==> ignore
    arg [-dynamic-linker] ==> ignore
    arg [/system/bin/linker64] ==> ignore
    arg [-o] ==> ignore
    arg [cmTC_45716] ==> ignore
    arg [/MacosExt/Users/larpoux/android-sdk-macosx/ndk-bundle/toolchains/llvm/prebuilt/darwin-x86_64/sysroot/usr/lib/x86_64-linux-android/28/crtbegin_dynamic.o] ==> ignore
    arg [-L/MacosExt/Users/larpoux/android-sdk-macosx/ndk-bundle/toolchains/llvm/prebuilt/darwin-x86_64/lib64/clang/8.0.7/lib/linux/x86_64] ==> dir [/MacosExt/Users/larpoux/android-sdk-macosx/ndk-bundle/toolchains/llvm/prebuilt/darwin-x86_64/lib64/clang/8.0.7/lib/linux/x86_64]
    arg [-L/MacosExt/Users/larpoux/android-sdk-macosx/ndk-bundle/toolchains/llvm/prebuilt/darwin-x86_64/lib/gcc/x86_64-linux-android/4.9.x] ==> dir [/MacosExt/Users/larpoux/android-sdk-macosx/ndk-bundle/toolchains/llvm/prebuilt/darwin-x86_64/lib/gcc/x86_64-linux-android/4.9.x]
    arg [-L/MacosExt/Users/larpoux/android-sdk-macosx/ndk-bundle/toolchains/llvm/prebuilt/darwin-x86_64/lib/gcc/x86_64-linux-android/4.9.x/../../../../x86_64-linux-android/lib/../lib64] ==> dir [/MacosExt/Users/larpoux/android-sdk-macosx/ndk-bundle/toolchains/llvm/prebuilt/darwin-x86_64/lib/gcc/x86_64-linux-android/4.9.x/../../../../x86_64-linux-android/lib/../lib64]
    arg [-L/MacosExt/Users/larpoux/android-sdk-macosx/ndk-bundle/toolchains/llvm/prebuilt/darwin-x86_64/sysroot/usr/lib/x86_64-linux-android/28] ==> dir [/MacosExt/Users/larpoux/android-sdk-macosx/ndk-bundle/toolchains/llvm/prebuilt/darwin-x86_64/sysroot/usr/lib/x86_64-linux-android/28]
    arg [-L/MacosExt/Users/larpoux/android-sdk-macosx/ndk-bundle/toolchains/llvm/prebuilt/darwin-x86_64/sysroot/usr/lib/x86_64-linux-android] ==> dir [/MacosExt/Users/larpoux/android-sdk-macosx/ndk-bundle/toolchains/llvm/prebuilt/darwin-x86_64/sysroot/usr/lib/x86_64-linux-android]
    arg [-L/MacosExt/Users/larpoux/android-sdk-macosx/ndk-bundle/toolchains/llvm/prebuilt/darwin-x86_64/lib/gcc/x86_64-linux-android/4.9.x/../../../../x86_64-linux-android/lib] ==> dir [/MacosExt/Users/larpoux/android-sdk-macosx/ndk-bundle/toolchains/llvm/prebuilt/darwin-x86_64/lib/gcc/x86_64-linux-android/4.9.x/../../../../x86_64-linux-android/lib]
    arg [-L/MacosExt/Users/larpoux/android-sdk-macosx/ndk-bundle/toolchains/llvm/prebuilt/darwin-x86_64/sysroot/usr/lib] ==> dir [/MacosExt/Users/larpoux/android-sdk-macosx/ndk-bundle/toolchains/llvm/prebuilt/darwin-x86_64/sysroot/usr/lib]
    arg [--exclude-libs] ==> ignore
    arg [libgcc.a] ==> ignore
    arg [--exclude-libs] ==> ignore
    arg [libatomic.a] ==> ignore
    arg [--build-id] ==> ignore
    arg [--warn-shared-textrel] ==> ignore
    arg [--fatal-warnings] ==> ignore
    arg [--no-undefined] ==> ignore
    arg [-znoexecstack] ==> ignore
    arg [--gc-sections] ==> ignore
    arg [CMakeFiles/cmTC_45716.dir/CMakeCCompilerABI.c.o] ==> ignore
    arg [-lgcc] ==> lib [gcc]
    arg [-ldl] ==> lib [dl]
    arg [-lc] ==> lib [c]
    arg [-lgcc] ==> lib [gcc]
    arg [-ldl] ==> lib [dl]
    arg [/MacosExt/Users/larpoux/android-sdk-macosx/ndk-bundle/toolchains/llvm/prebuilt/darwin-x86_64/sysroot/usr/lib/x86_64-linux-android/28/crtend_android.o] ==> ignore
  collapse library dir [/MacosExt/Users/larpoux/android-sdk-macosx/ndk-bundle/toolchains/llvm/prebuilt/darwin-x86_64/lib64/clang/8.0.7/lib/linux/x86_64] ==> [/MacosExt/Users/larpoux/android-sdk-macosx/ndk-bundle/toolchains/llvm/prebuilt/darwin-x86_64/lib64/clang/8.0.7/lib/linux/x86_64]
  collapse library dir [/MacosExt/Users/larpoux/android-sdk-macosx/ndk-bundle/toolchains/llvm/prebuilt/darwin-x86_64/lib/gcc/x86_64-linux-android/4.9.x] ==> [/MacosExt/Users/larpoux/android-sdk-macosx/ndk-bundle/toolchains/llvm/prebuilt/darwin-x86_64/lib/gcc/x86_64-linux-android/4.9.x]
  collapse library dir [/MacosExt/Users/larpoux/android-sdk-macosx/ndk-bundle/toolchains/llvm/prebuilt/darwin-x86_64/lib/gcc/x86_64-linux-android/4.9.x/../../../../x86_64-linux-android/lib/../lib64] ==> [/MacosExt/Users/larpoux/android-sdk-macosx/ndk-bundle/toolchains/llvm/prebuilt/darwin-x86_64/x86_64-linux-android/lib64]
  collapse library dir [/MacosExt/Users/larpoux/android-sdk-macosx/ndk-bundle/toolchains/llvm/prebuilt/darwin-x86_64/sysroot/usr/lib/x86_64-linux-android/28] ==> [/MacosExt/Users/larpoux/android-sdk-macosx/ndk-bundle/toolchains/llvm/prebuilt/darwin-x86_64/sysroot/usr/lib/x86_64-linux-android/28]
  collapse library dir [/MacosExt/Users/larpoux/android-sdk-macosx/ndk-bundle/toolchains/llvm/prebuilt/darwin-x86_64/sysroot/usr/lib/x86_64-linux-android] ==> [/MacosExt/Users/larpoux/android-sdk-macosx/ndk-bundle/toolchains/llvm/prebuilt/darwin-x86_64/sysroot/usr/lib/x86_64-linux-android]
  collapse library dir [/MacosExt/Users/larpoux/android-sdk-macosx/ndk-bundle/toolchains/llvm/prebuilt/darwin-x86_64/lib/gcc/x86_64-linux-android/4.9.x/../../../../x86_64-linux-android/lib] ==> [/MacosExt/Users/larpoux/android-sdk-macosx/ndk-bundle/toolchains/llvm/prebuilt/darwin-x86_64/x86_64-linux-android/lib]
  collapse library dir [/MacosExt/Users/larpoux/android-sdk-macosx/ndk-bundle/toolchains/llvm/prebuilt/darwin-x86_64/sysroot/usr/lib] ==> [/MacosExt/Users/larpoux/android-sdk-macosx/ndk-bundle/toolchains/llvm/prebuilt/darwin-x86_64/sysroot/usr/lib]
  implicit libs: [gcc;dl;c;gcc;dl]
  implicit dirs: [/MacosExt/Users/larpoux/android-sdk-macosx/ndk-bundle/toolchains/llvm/prebuilt/darwin-x86_64/lib64/clang/8.0.7/lib/linux/x86_64;/MacosExt/Users/larpoux/android-sdk-macosx/ndk-bundle/toolchains/llvm/prebuilt/darwin-x86_64/lib/gcc/x86_64-linux-android/4.9.x;/MacosExt/Users/larpoux/android-sdk-macosx/ndk-bundle/toolchains/llvm/prebuilt/darwin-x86_64/x86_64-linux-android/lib64;/MacosExt/Users/larpoux/android-sdk-macosx/ndk-bundle/toolchains/llvm/prebuilt/darwin-x86_64/sysroot/usr/lib/x86_64-linux-android/28;/MacosExt/Users/larpoux/android-sdk-macosx/ndk-bundle/toolchains/llvm/prebuilt/darwin-x86_64/sysroot/usr/lib/x86_64-linux-android;/MacosExt/Users/larpoux/android-sdk-macosx/ndk-bundle/toolchains/llvm/prebuilt/darwin-x86_64/x86_64-linux-android/lib;/MacosExt/Users/larpoux/android-sdk-macosx/ndk-bundle/toolchains/llvm/prebuilt/darwin-x86_64/sysroot/usr/lib]
  implicit fwks: []


