The target system is: Android - 1 - aarch64
The host system is: Darwin - 18.7.0 - x86_64
Determining if the C compiler works passed with the following output:
Change Dir: /MacosExt/Users/larpoux/projmac/luakit/LuaKitProject/src/Projects/libevent/CMakeFiles/CMakeTmp

Run Build Command(s):/usr/bin/make cmTC_a62f9/fast && /Applications/Dev/Xcode.app/Contents/Developer/usr/bin/make -f CMakeFiles/cmTC_a62f9.dir/build.make CMakeFiles/cmTC_a62f9.dir/build
Building C object CMakeFiles/cmTC_a62f9.dir/testCCompiler.c.o
/MacosExt/Users/larpoux/android-sdk-macosx/ndk-bundle/toolchains/llvm/prebuilt/darwin-x86_64/bin/clang --target=aarch64-none-linux-android28 --gcc-toolchain=/MacosExt/Users/larpoux/android-sdk-macosx/ndk-bundle/toolchains/llvm/prebuilt/darwin-x86_64 --sysroot=/MacosExt/Users/larpoux/android-sdk-macosx/ndk-bundle/toolchains/llvm/prebuilt/darwin-x86_64/sysroot   -g -DANDROID -fdata-sections -ffunction-sections -funwind-tables -fstack-protector-strong -no-canonical-prefixes -fno-addrsig -Wa,--noexecstack -Wformat -Werror=format-security   -fPIE   -o CMakeFiles/cmTC_a62f9.dir/testCCompiler.c.o   -c /MacosExt/Users/larpoux/projmac/luakit/LuaKitProject/src/Projects/libevent/CMakeFiles/CMakeTmp/testCCompiler.c
Linking C executable cmTC_a62f9
/usr/local/Cellar/cmake/3.15.0/bin/cmake -E cmake_link_script CMakeFiles/cmTC_a62f9.dir/link.txt --verbose=1
/MacosExt/Users/larpoux/android-sdk-macosx/ndk-bundle/toolchains/llvm/prebuilt/darwin-x86_64/bin/clang --target=aarch64-none-linux-android28 --gcc-toolchain=/MacosExt/Users/larpoux/android-sdk-macosx/ndk-bundle/toolchains/llvm/prebuilt/darwin-x86_64 --sysroot=/MacosExt/Users/larpoux/android-sdk-macosx/ndk-bundle/toolchains/llvm/prebuilt/darwin-x86_64/sysroot -g -DANDROID -fdata-sections -ffunction-sections -funwind-tables -fstack-protector-strong -no-canonical-prefixes -fno-addrsig -Wa,--noexecstack -Wformat -Werror=format-security    -Wl,--exclude-libs,libgcc.a -Wl,--exclude-libs,libatomic.a -static-libstdc++ -Wl,--build-id -Wl,--warn-shared-textrel -Wl,--fatal-warnings -Wl,--no-undefined -Qunused-arguments -Wl,-z,noexecstack -Wl,--gc-sections   CMakeFiles/cmTC_a62f9.dir/testCCompiler.c.o  -o cmTC_a62f9 -latomic -lm 



Detecting C compiler ABI info compiled with the following output:
Change Dir: /MacosExt/Users/larpoux/projmac/luakit/LuaKitProject/src/Projects/libevent/CMakeFiles/CMakeTmp

Run Build Command(s):/usr/bin/make cmTC_7dfc6/fast && /Applications/Dev/Xcode.app/Contents/Developer/usr/bin/make -f CMakeFiles/cmTC_7dfc6.dir/build.make CMakeFiles/cmTC_7dfc6.dir/build
Building C object CMakeFiles/cmTC_7dfc6.dir/CMakeCCompilerABI.c.o
/MacosExt/Users/larpoux/android-sdk-macosx/ndk-bundle/toolchains/llvm/prebuilt/darwin-x86_64/bin/clang --target=aarch64-none-linux-android28 --gcc-toolchain=/MacosExt/Users/larpoux/android-sdk-macosx/ndk-bundle/toolchains/llvm/prebuilt/darwin-x86_64 --sysroot=/MacosExt/Users/larpoux/android-sdk-macosx/ndk-bundle/toolchains/llvm/prebuilt/darwin-x86_64/sysroot   -g -DANDROID -fdata-sections -ffunction-sections -funwind-tables -fstack-protector-strong -no-canonical-prefixes -fno-addrsig -Wa,--noexecstack -Wformat -Werror=format-security   -fPIE   -v -o CMakeFiles/cmTC_7dfc6.dir/CMakeCCompilerABI.c.o   -c /usr/local/Cellar/cmake/3.15.0/share/cmake/Modules/CMakeCCompilerABI.c
Android (5220042 based on r346389c) clang version 8.0.7 (https://android.googlesource.com/toolchain/clang b55f2d4ebfd35bf643d27dbca1bb228957008617) (https://android.googlesource.com/toolchain/llvm 3c393fe7a7e13b0fba4ac75a01aa683d7a5b11cd) (based on LLVM 8.0.7svn)
Target: aarch64-none-linux-android28
Thread model: posix
InstalledDir: /MacosExt/Users/larpoux/android-sdk-macosx/ndk-bundle/toolchains/llvm/prebuilt/darwin-x86_64/bin
Found candidate GCC installation: /MacosExt/Users/larpoux/android-sdk-macosx/ndk-bundle/toolchains/llvm/prebuilt/darwin-x86_64/lib/gcc/aarch64-linux-android/4.9.x
Selected GCC installation: /MacosExt/Users/larpoux/android-sdk-macosx/ndk-bundle/toolchains/llvm/prebuilt/darwin-x86_64/lib/gcc/aarch64-linux-android/4.9.x
Candidate multilib: .;@m64
Selected multilib: .;@m64
 "/MacosExt/Users/larpoux/android-sdk-macosx/ndk-bundle/toolchains/llvm/prebuilt/darwin-x86_64/bin/clang" -cc1 -triple aarch64-none-linux-android28 -emit-obj -mrelax-all -mnoexecstack -disable-free -disable-llvm-verifier -discard-value-names -main-file-name CMakeCCompilerABI.c -mrelocation-model pic -pic-level 2 -pic-is-pie -mthread-model posix -mdisable-fp-elim -masm-verbose -mconstructor-aliases -munwind-tables -fuse-init-array -target-cpu generic -target-feature +neon -target-abi aapcs -mllvm -aarch64-fix-cortex-a53-835769=1 -fallow-half-arguments-and-returns -dwarf-column-info -debug-info-kind=limited -dwarf-version=4 -debugger-tuning=gdb -target-linker-version 241.9 -v -ffunction-sections -fdata-sections -coverage-notes-file /MacosExt/Users/larpoux/projmac/luakit/LuaKitProject/src/Projects/libevent/CMakeFiles/CMakeTmp/CMakeFiles/cmTC_7dfc6.dir/CMakeCCompilerABI.c.gcno -resource-dir /MacosExt/Users/larpoux/android-sdk-macosx/ndk-bundle/toolchains/llvm/prebuilt/darwin-x86_64/lib64/clang/8.0.7 -D ANDROID -isysroot /MacosExt/Users/larpoux/android-sdk-macosx/ndk-bundle/toolchains/llvm/prebuilt/darwin-x86_64/sysroot -internal-isystem /MacosExt/Users/larpoux/android-sdk-macosx/ndk-bundle/toolchains/llvm/prebuilt/darwin-x86_64/sysroot/usr/local/include -internal-isystem /MacosExt/Users/larpoux/android-sdk-macosx/ndk-bundle/toolchains/llvm/prebuilt/darwin-x86_64/lib64/clang/8.0.7/include -internal-externc-isystem /MacosExt/Users/larpoux/android-sdk-macosx/ndk-bundle/toolchains/llvm/prebuilt/darwin-x86_64/sysroot/usr/include/aarch64-linux-android -internal-externc-isystem /MacosExt/Users/larpoux/android-sdk-macosx/ndk-bundle/toolchains/llvm/prebuilt/darwin-x86_64/sysroot/include -internal-externc-isystem /MacosExt/Users/larpoux/android-sdk-macosx/ndk-bundle/toolchains/llvm/prebuilt/darwin-x86_64/sysroot/usr/include -Wformat -Werror=format-security -fdebug-compilation-dir /MacosExt/Users/larpoux/projmac/luakit/LuaKitProject/src/Projects/libevent/CMakeFiles/CMakeTmp -ferror-limit 19 -fmessage-length 0 -stack-protector 2 -fno-signed-char -fobjc-runtime=gcc -fdiagnostics-show-option -o CMakeFiles/cmTC_7dfc6.dir/CMakeCCompilerABI.c.o -x c /usr/local/Cellar/cmake/3.15.0/share/cmake/Modules/CMakeCCompilerABI.c
clang -cc1 version 8.0.7 based upon LLVM 8.0.7svn default target x86_64-apple-darwin18.7.0
ignoring nonexistent directory "/MacosExt/Users/larpoux/android-sdk-macosx/ndk-bundle/toolchains/llvm/prebuilt/darwin-x86_64/sysroot/include"
#include "..." search starts here:
#include <...> search starts here:
 /MacosExt/Users/larpoux/android-sdk-macosx/ndk-bundle/toolchains/llvm/prebuilt/darwin-x86_64/sysroot/usr/local/include
 /MacosExt/Users/larpoux/android-sdk-macosx/ndk-bundle/toolchains/llvm/prebuilt/darwin-x86_64/lib64/clang/8.0.7/include
 /MacosExt/Users/larpoux/android-sdk-macosx/ndk-bundle/toolchains/llvm/prebuilt/darwin-x86_64/sysroot/usr/include/aarch64-linux-android
 /MacosExt/Users/larpoux/android-sdk-macosx/ndk-bundle/toolchains/llvm/prebuilt/darwin-x86_64/sysroot/usr/include
End of search list.
Linking C executable cmTC_7dfc6
/usr/local/Cellar/cmake/3.15.0/bin/cmake -E cmake_link_script CMakeFiles/cmTC_7dfc6.dir/link.txt --verbose=1
/MacosExt/Users/larpoux/android-sdk-macosx/ndk-bundle/toolchains/llvm/prebuilt/darwin-x86_64/bin/clang --target=aarch64-none-linux-android28 --gcc-toolchain=/MacosExt/Users/larpoux/android-sdk-macosx/ndk-bundle/toolchains/llvm/prebuilt/darwin-x86_64 --sysroot=/MacosExt/Users/larpoux/android-sdk-macosx/ndk-bundle/toolchains/llvm/prebuilt/darwin-x86_64/sysroot -g -DANDROID -fdata-sections -ffunction-sections -funwind-tables -fstack-protector-strong -no-canonical-prefixes -fno-addrsig -Wa,--noexecstack -Wformat -Werror=format-security    -Wl,--exclude-libs,libgcc.a -Wl,--exclude-libs,libatomic.a -static-libstdc++ -Wl,--build-id -Wl,--warn-shared-textrel -Wl,--fatal-warnings -Wl,--no-undefined -Qunused-arguments -Wl,-z,noexecstack -Wl,--gc-sections  -v CMakeFiles/cmTC_7dfc6.dir/CMakeCCompilerABI.c.o  -o cmTC_7dfc6 
Android (5220042 based on r346389c) clang version 8.0.7 (https://android.googlesource.com/toolchain/clang b55f2d4ebfd35bf643d27dbca1bb228957008617) (https://android.googlesource.com/toolchain/llvm 3c393fe7a7e13b0fba4ac75a01aa683d7a5b11cd) (based on LLVM 8.0.7svn)
Target: aarch64-none-linux-android28
Thread model: posix
InstalledDir: /MacosExt/Users/larpoux/android-sdk-macosx/ndk-bundle/toolchains/llvm/prebuilt/darwin-x86_64/bin
Found candidate GCC installation: /MacosExt/Users/larpoux/android-sdk-macosx/ndk-bundle/toolchains/llvm/prebuilt/darwin-x86_64/lib/gcc/aarch64-linux-android/4.9.x
Selected GCC installation: /MacosExt/Users/larpoux/android-sdk-macosx/ndk-bundle/toolchains/llvm/prebuilt/darwin-x86_64/lib/gcc/aarch64-linux-android/4.9.x
Candidate multilib: .;@m64
Selected multilib: .;@m64
 "/MacosExt/Users/larpoux/android-sdk-macosx/ndk-bundle/toolchains/llvm/prebuilt/darwin-x86_64/lib/gcc/aarch64-linux-android/4.9.x/../../../../aarch64-linux-android/bin/ld" --sysroot=/MacosExt/Users/larpoux/android-sdk-macosx/ndk-bundle/toolchains/llvm/prebuilt/darwin-x86_64/sysroot -pie -EL --fix-cortex-a53-843419 -z now -z relro --hash-style=gnu --enable-new-dtags --eh-frame-hdr -m aarch64linux -dynamic-linker /system/bin/linker64 -o cmTC_7dfc6 /MacosExt/Users/larpoux/android-sdk-macosx/ndk-bundle/toolchains/llvm/prebuilt/darwin-x86_64/sysroot/usr/lib/aarch64-linux-android/28/crtbegin_dynamic.o -L/MacosExt/Users/larpoux/android-sdk-macosx/ndk-bundle/toolchains/llvm/prebuilt/darwin-x86_64/lib64/clang/8.0.7/lib/linux/aarch64 -L/MacosExt/Users/larpoux/android-sdk-macosx/ndk-bundle/toolchains/llvm/prebuilt/darwin-x86_64/lib/gcc/aarch64-linux-android/4.9.x -L/MacosExt/Users/larpoux/android-sdk-macosx/ndk-bundle/toolchains/llvm/prebuilt/darwin-x86_64/lib/gcc/aarch64-linux-android/4.9.x/../../../../aarch64-linux-android/lib/../lib64 -L/MacosExt/Users/larpoux/android-sdk-macosx/ndk-bundle/toolchains/llvm/prebuilt/darwin-x86_64/sysroot/usr/lib/aarch64-linux-android/28 -L/MacosExt/Users/larpoux/android-sdk-macosx/ndk-bundle/toolchains/llvm/prebuilt/darwin-x86_64/sysroot/usr/lib/aarch64-linux-android -L/MacosExt/Users/larpoux/android-sdk-macosx/ndk-bundle/toolchains/llvm/prebuilt/darwin-x86_64/lib/gcc/aarch64-linux-android/4.9.x/../../../../aarch64-linux-android/lib -L/MacosExt/Users/larpoux/android-sdk-macosx/ndk-bundle/toolchains/llvm/prebuilt/darwin-x86_64/sysroot/usr/lib --exclude-libs libgcc.a --exclude-libs libatomic.a --build-id --warn-shared-textrel --fatal-warnings --no-undefined -z noexecstack --gc-sections CMakeFiles/cmTC_7dfc6.dir/CMakeCCompilerABI.c.o -lgcc -ldl -lc -lgcc -ldl /MacosExt/Users/larpoux/android-sdk-macosx/ndk-bundle/toolchains/llvm/prebuilt/darwin-x86_64/sysroot/usr/lib/aarch64-linux-android/28/crtend_android.o



Parsed C implicit include dir info from above output: rv=done
  found start of include info
  found start of implicit include info
    add: [/MacosExt/Users/larpoux/android-sdk-macosx/ndk-bundle/toolchains/llvm/prebuilt/darwin-x86_64/sysroot/usr/local/include]
    add: [/MacosExt/Users/larpoux/android-sdk-macosx/ndk-bundle/toolchains/llvm/prebuilt/darwin-x86_64/lib64/clang/8.0.7/include]
    add: [/MacosExt/Users/larpoux/android-sdk-macosx/ndk-bundle/toolchains/llvm/prebuilt/darwin-x86_64/sysroot/usr/include/aarch64-linux-android]
    add: [/MacosExt/Users/larpoux/android-sdk-macosx/ndk-bundle/toolchains/llvm/prebuilt/darwin-x86_64/sysroot/usr/include]
  end of search list found
  collapse include dir [/MacosExt/Users/larpoux/android-sdk-macosx/ndk-bundle/toolchains/llvm/prebuilt/darwin-x86_64/sysroot/usr/local/include] ==> [/MacosExt/Users/larpoux/android-sdk-macosx/ndk-bundle/toolchains/llvm/prebuilt/darwin-x86_64/sysroot/usr/local/include]
  collapse include dir [/MacosExt/Users/larpoux/android-sdk-macosx/ndk-bundle/toolchains/llvm/prebuilt/darwin-x86_64/lib64/clang/8.0.7/include] ==> [/MacosExt/Users/larpoux/android-sdk-macosx/ndk-bundle/toolchains/llvm/prebuilt/darwin-x86_64/lib64/clang/8.0.7/include]
  collapse include dir [/MacosExt/Users/larpoux/android-sdk-macosx/ndk-bundle/toolchains/llvm/prebuilt/darwin-x86_64/sysroot/usr/include/aarch64-linux-android] ==> [/MacosExt/Users/larpoux/android-sdk-macosx/ndk-bundle/toolchains/llvm/prebuilt/darwin-x86_64/sysroot/usr/include/aarch64-linux-android]
  collapse include dir [/MacosExt/Users/larpoux/android-sdk-macosx/ndk-bundle/toolchains/llvm/prebuilt/darwin-x86_64/sysroot/usr/include] ==> [/MacosExt/Users/larpoux/android-sdk-macosx/ndk-bundle/toolchains/llvm/prebuilt/darwin-x86_64/sysroot/usr/include]
  implicit include dirs: [/MacosExt/Users/larpoux/android-sdk-macosx/ndk-bundle/toolchains/llvm/prebuilt/darwin-x86_64/sysroot/usr/local/include;/MacosExt/Users/larpoux/android-sdk-macosx/ndk-bundle/toolchains/llvm/prebuilt/darwin-x86_64/lib64/clang/8.0.7/include;/MacosExt/Users/larpoux/android-sdk-macosx/ndk-bundle/toolchains/llvm/prebuilt/darwin-x86_64/sysroot/usr/include/aarch64-linux-android;/MacosExt/Users/larpoux/android-sdk-macosx/ndk-bundle/toolchains/llvm/prebuilt/darwin-x86_64/sysroot/usr/include]


Parsed C implicit link information from above output:
  link line regex: [^( *|.*[/\])(x86_64-linux-android-ld|CMAKE_LINK_STARTFILE-NOTFOUND|([^/\]+-)?ld|collect2)[^/\]*( |$)]
  ignore line: [Change Dir: /MacosExt/Users/larpoux/projmac/luakit/LuaKitProject/src/Projects/libevent/CMakeFiles/CMakeTmp]
  ignore line: []
  ignore line: [Run Build Command(s):/usr/bin/make cmTC_7dfc6/fast && /Applications/Dev/Xcode.app/Contents/Developer/usr/bin/make -f CMakeFiles/cmTC_7dfc6.dir/build.make CMakeFiles/cmTC_7dfc6.dir/build]
  ignore line: [Building C object CMakeFiles/cmTC_7dfc6.dir/CMakeCCompilerABI.c.o]
  ignore line: [/MacosExt/Users/larpoux/android-sdk-macosx/ndk-bundle/toolchains/llvm/prebuilt/darwin-x86_64/bin/clang --target=aarch64-none-linux-android28 --gcc-toolchain=/MacosExt/Users/larpoux/android-sdk-macosx/ndk-bundle/toolchains/llvm/prebuilt/darwin-x86_64 --sysroot=/MacosExt/Users/larpoux/android-sdk-macosx/ndk-bundle/toolchains/llvm/prebuilt/darwin-x86_64/sysroot   -g -DANDROID -fdata-sections -ffunction-sections -funwind-tables -fstack-protector-strong -no-canonical-prefixes -fno-addrsig -Wa,--noexecstack -Wformat -Werror=format-security   -fPIE   -v -o CMakeFiles/cmTC_7dfc6.dir/CMakeCCompilerABI.c.o   -c /usr/local/Cellar/cmake/3.15.0/share/cmake/Modules/CMakeCCompilerABI.c]
  ignore line: [Android (5220042 based on r346389c) clang version 8.0.7 (https://android.googlesource.com/toolchain/clang b55f2d4ebfd35bf643d27dbca1bb228957008617) (https://android.googlesource.com/toolchain/llvm 3c393fe7a7e13b0fba4ac75a01aa683d7a5b11cd) (based on LLVM 8.0.7svn)]
  ignore line: [Target: aarch64-none-linux-android28]
  ignore line: [Thread model: posix]
  ignore line: [InstalledDir: /MacosExt/Users/larpoux/android-sdk-macosx/ndk-bundle/toolchains/llvm/prebuilt/darwin-x86_64/bin]
  ignore line: [Found candidate GCC installation: /MacosExt/Users/larpoux/android-sdk-macosx/ndk-bundle/toolchains/llvm/prebuilt/darwin-x86_64/lib/gcc/aarch64-linux-android/4.9.x]
  ignore line: [Selected GCC installation: /MacosExt/Users/larpoux/android-sdk-macosx/ndk-bundle/toolchains/llvm/prebuilt/darwin-x86_64/lib/gcc/aarch64-linux-android/4.9.x]
  ignore line: [Candidate multilib: .]
  ignore line: [@m64]
  ignore line: [Selected multilib: .]
  ignore line: [@m64]
  ignore line: [ "/MacosExt/Users/larpoux/android-sdk-macosx/ndk-bundle/toolchains/llvm/prebuilt/darwin-x86_64/bin/clang" -cc1 -triple aarch64-none-linux-android28 -emit-obj -mrelax-all -mnoexecstack -disable-free -disable-llvm-verifier -discard-value-names -main-file-name CMakeCCompilerABI.c -mrelocation-model pic -pic-level 2 -pic-is-pie -mthread-model posix -mdisable-fp-elim -masm-verbose -mconstructor-aliases -munwind-tables -fuse-init-array -target-cpu generic -target-feature +neon -target-abi aapcs -mllvm -aarch64-fix-cortex-a53-835769=1 -fallow-half-arguments-and-returns -dwarf-column-info -debug-info-kind=limited -dwarf-version=4 -debugger-tuning=gdb -target-linker-version 241.9 -v -ffunction-sections -fdata-sections -coverage-notes-file /MacosExt/Users/larpoux/projmac/luakit/LuaKitProject/src/Projects/libevent/CMakeFiles/CMakeTmp/CMakeFiles/cmTC_7dfc6.dir/CMakeCCompilerABI.c.gcno -resource-dir /MacosExt/Users/larpoux/android-sdk-macosx/ndk-bundle/toolchains/llvm/prebuilt/darwin-x86_64/lib64/clang/8.0.7 -D ANDROID -isysroot /MacosExt/Users/larpoux/android-sdk-macosx/ndk-bundle/toolchains/llvm/prebuilt/darwin-x86_64/sysroot -internal-isystem /MacosExt/Users/larpoux/android-sdk-macosx/ndk-bundle/toolchains/llvm/prebuilt/darwin-x86_64/sysroot/usr/local/include -internal-isystem /MacosExt/Users/larpoux/android-sdk-macosx/ndk-bundle/toolchains/llvm/prebuilt/darwin-x86_64/lib64/clang/8.0.7/include -internal-externc-isystem /MacosExt/Users/larpoux/android-sdk-macosx/ndk-bundle/toolchains/llvm/prebuilt/darwin-x86_64/sysroot/usr/include/aarch64-linux-android -internal-externc-isystem /MacosExt/Users/larpoux/android-sdk-macosx/ndk-bundle/toolchains/llvm/prebuilt/darwin-x86_64/sysroot/include -internal-externc-isystem /MacosExt/Users/larpoux/android-sdk-macosx/ndk-bundle/toolchains/llvm/prebuilt/darwin-x86_64/sysroot/usr/include -Wformat -Werror=format-security -fdebug-compilation-dir /MacosExt/Users/larpoux/projmac/luakit/LuaKitProject/src/Projects/libevent/CMakeFiles/CMakeTmp -ferror-limit 19 -fmessage-length 0 -stack-protector 2 -fno-signed-char -fobjc-runtime=gcc -fdiagnostics-show-option -o CMakeFiles/cmTC_7dfc6.dir/CMakeCCompilerABI.c.o -x c /usr/local/Cellar/cmake/3.15.0/share/cmake/Modules/CMakeCCompilerABI.c]
  ignore line: [clang -cc1 version 8.0.7 based upon LLVM 8.0.7svn default target x86_64-apple-darwin18.7.0]
  ignore line: [ignoring nonexistent directory "/MacosExt/Users/larpoux/android-sdk-macosx/ndk-bundle/toolchains/llvm/prebuilt/darwin-x86_64/sysroot/include"]
  ignore line: [#include "..." search starts here:]
  ignore line: [#include <...> search starts here:]
  ignore line: [ /MacosExt/Users/larpoux/android-sdk-macosx/ndk-bundle/toolchains/llvm/prebuilt/darwin-x86_64/sysroot/usr/local/include]
  ignore line: [ /MacosExt/Users/larpoux/android-sdk-macosx/ndk-bundle/toolchains/llvm/prebuilt/darwin-x86_64/lib64/clang/8.0.7/include]
  ignore line: [ /MacosExt/Users/larpoux/android-sdk-macosx/ndk-bundle/toolchains/llvm/prebuilt/darwin-x86_64/sysroot/usr/include/aarch64-linux-android]
  ignore line: [ /MacosExt/Users/larpoux/android-sdk-macosx/ndk-bundle/toolchains/llvm/prebuilt/darwin-x86_64/sysroot/usr/include]
  ignore line: [End of search list.]
  ignore line: [Linking C executable cmTC_7dfc6]
  ignore line: [/usr/local/Cellar/cmake/3.15.0/bin/cmake -E cmake_link_script CMakeFiles/cmTC_7dfc6.dir/link.txt --verbose=1]
  ignore line: [/MacosExt/Users/larpoux/android-sdk-macosx/ndk-bundle/toolchains/llvm/prebuilt/darwin-x86_64/bin/clang --target=aarch64-none-linux-android28 --gcc-toolchain=/MacosExt/Users/larpoux/android-sdk-macosx/ndk-bundle/toolchains/llvm/prebuilt/darwin-x86_64 --sysroot=/MacosExt/Users/larpoux/android-sdk-macosx/ndk-bundle/toolchains/llvm/prebuilt/darwin-x86_64/sysroot -g -DANDROID -fdata-sections -ffunction-sections -funwind-tables -fstack-protector-strong -no-canonical-prefixes -fno-addrsig -Wa,--noexecstack -Wformat -Werror=format-security    -Wl,--exclude-libs,libgcc.a -Wl,--exclude-libs,libatomic.a -static-libstdc++ -Wl,--build-id -Wl,--warn-shared-textrel -Wl,--fatal-warnings -Wl,--no-undefined -Qunused-arguments -Wl,-z,noexecstack -Wl,--gc-sections  -v CMakeFiles/cmTC_7dfc6.dir/CMakeCCompilerABI.c.o  -o cmTC_7dfc6 ]
  ignore line: [Android (5220042 based on r346389c) clang version 8.0.7 (https://android.googlesource.com/toolchain/clang b55f2d4ebfd35bf643d27dbca1bb228957008617) (https://android.googlesource.com/toolchain/llvm 3c393fe7a7e13b0fba4ac75a01aa683d7a5b11cd) (based on LLVM 8.0.7svn)]
  ignore line: [Target: aarch64-none-linux-android28]
  ignore line: [Thread model: posix]
  ignore line: [InstalledDir: /MacosExt/Users/larpoux/android-sdk-macosx/ndk-bundle/toolchains/llvm/prebuilt/darwin-x86_64/bin]
  ignore line: [Found candidate GCC installation: /MacosExt/Users/larpoux/android-sdk-macosx/ndk-bundle/toolchains/llvm/prebuilt/darwin-x86_64/lib/gcc/aarch64-linux-android/4.9.x]
  ignore line: [Selected GCC installation: /MacosExt/Users/larpoux/android-sdk-macosx/ndk-bundle/toolchains/llvm/prebuilt/darwin-x86_64/lib/gcc/aarch64-linux-android/4.9.x]
  ignore line: [Candidate multilib: .]
  ignore line: [@m64]
  ignore line: [Selected multilib: .]
  ignore line: [@m64]
  link line: [ "/MacosExt/Users/larpoux/android-sdk-macosx/ndk-bundle/toolchains/llvm/prebuilt/darwin-x86_64/lib/gcc/aarch64-linux-android/4.9.x/../../../../aarch64-linux-android/bin/ld" --sysroot=/MacosExt/Users/larpoux/android-sdk-macosx/ndk-bundle/toolchains/llvm/prebuilt/darwin-x86_64/sysroot -pie -EL --fix-cortex-a53-843419 -z now -z relro --hash-style=gnu --enable-new-dtags --eh-frame-hdr -m aarch64linux -dynamic-linker /system/bin/linker64 -o cmTC_7dfc6 /MacosExt/Users/larpoux/android-sdk-macosx/ndk-bundle/toolchains/llvm/prebuilt/darwin-x86_64/sysroot/usr/lib/aarch64-linux-android/28/crtbegin_dynamic.o -L/MacosExt/Users/larpoux/android-sdk-macosx/ndk-bundle/toolchains/llvm/prebuilt/darwin-x86_64/lib64/clang/8.0.7/lib/linux/aarch64 -L/MacosExt/Users/larpoux/android-sdk-macosx/ndk-bundle/toolchains/llvm/prebuilt/darwin-x86_64/lib/gcc/aarch64-linux-android/4.9.x -L/MacosExt/Users/larpoux/android-sdk-macosx/ndk-bundle/toolchains/llvm/prebuilt/darwin-x86_64/lib/gcc/aarch64-linux-android/4.9.x/../../../../aarch64-linux-android/lib/../lib64 -L/MacosExt/Users/larpoux/android-sdk-macosx/ndk-bundle/toolchains/llvm/prebuilt/darwin-x86_64/sysroot/usr/lib/aarch64-linux-android/28 -L/MacosExt/Users/larpoux/android-sdk-macosx/ndk-bundle/toolchains/llvm/prebuilt/darwin-x86_64/sysroot/usr/lib/aarch64-linux-android -L/MacosExt/Users/larpoux/android-sdk-macosx/ndk-bundle/toolchains/llvm/prebuilt/darwin-x86_64/lib/gcc/aarch64-linux-android/4.9.x/../../../../aarch64-linux-android/lib -L/MacosExt/Users/larpoux/android-sdk-macosx/ndk-bundle/toolchains/llvm/prebuilt/darwin-x86_64/sysroot/usr/lib --exclude-libs libgcc.a --exclude-libs libatomic.a --build-id --warn-shared-textrel --fatal-warnings --no-undefined -z noexecstack --gc-sections CMakeFiles/cmTC_7dfc6.dir/CMakeCCompilerABI.c.o -lgcc -ldl -lc -lgcc -ldl /MacosExt/Users/larpoux/android-sdk-macosx/ndk-bundle/toolchains/llvm/prebuilt/darwin-x86_64/sysroot/usr/lib/aarch64-linux-android/28/crtend_android.o]
    arg [/MacosExt/Users/larpoux/android-sdk-macosx/ndk-bundle/toolchains/llvm/prebuilt/darwin-x86_64/lib/gcc/aarch64-linux-android/4.9.x/../../../../aarch64-linux-android/bin/ld] ==> ignore
    arg [--sysroot=/MacosExt/Users/larpoux/android-sdk-macosx/ndk-bundle/toolchains/llvm/prebuilt/darwin-x86_64/sysroot] ==> ignore
    arg [-pie] ==> ignore
    arg [-EL] ==> ignore
    arg [--fix-cortex-a53-843419] ==> ignore
    arg [-znow] ==> ignore
    arg [-zrelro] ==> ignore
    arg [--hash-style=gnu] ==> ignore
    arg [--enable-new-dtags] ==> ignore
    arg [--eh-frame-hdr] ==> ignore
    arg [-m] ==> ignore
    arg [aarch64linux] ==> ignore
    arg [-dynamic-linker] ==> ignore
    arg [/system/bin/linker64] ==> ignore
    arg [-o] ==> ignore
    arg [cmTC_7dfc6] ==> ignore
    arg [/MacosExt/Users/larpoux/android-sdk-macosx/ndk-bundle/toolchains/llvm/prebuilt/darwin-x86_64/sysroot/usr/lib/aarch64-linux-android/28/crtbegin_dynamic.o] ==> ignore
    arg [-L/MacosExt/Users/larpoux/android-sdk-macosx/ndk-bundle/toolchains/llvm/prebuilt/darwin-x86_64/lib64/clang/8.0.7/lib/linux/aarch64] ==> dir [/MacosExt/Users/larpoux/android-sdk-macosx/ndk-bundle/toolchains/llvm/prebuilt/darwin-x86_64/lib64/clang/8.0.7/lib/linux/aarch64]
    arg [-L/MacosExt/Users/larpoux/android-sdk-macosx/ndk-bundle/toolchains/llvm/prebuilt/darwin-x86_64/lib/gcc/aarch64-linux-android/4.9.x] ==> dir [/MacosExt/Users/larpoux/android-sdk-macosx/ndk-bundle/toolchains/llvm/prebuilt/darwin-x86_64/lib/gcc/aarch64-linux-android/4.9.x]
    arg [-L/MacosExt/Users/larpoux/android-sdk-macosx/ndk-bundle/toolchains/llvm/prebuilt/darwin-x86_64/lib/gcc/aarch64-linux-android/4.9.x/../../../../aarch64-linux-android/lib/../lib64] ==> dir [/MacosExt/Users/larpoux/android-sdk-macosx/ndk-bundle/toolchains/llvm/prebuilt/darwin-x86_64/lib/gcc/aarch64-linux-android/4.9.x/../../../../aarch64-linux-android/lib/../lib64]
    arg [-L/MacosExt/Users/larpoux/android-sdk-macosx/ndk-bundle/toolchains/llvm/prebuilt/darwin-x86_64/sysroot/usr/lib/aarch64-linux-android/28] ==> dir [/MacosExt/Users/larpoux/android-sdk-macosx/ndk-bundle/toolchains/llvm/prebuilt/darwin-x86_64/sysroot/usr/lib/aarch64-linux-android/28]
    arg [-L/MacosExt/Users/larpoux/android-sdk-macosx/ndk-bundle/toolchains/llvm/prebuilt/darwin-x86_64/sysroot/usr/lib/aarch64-linux-android] ==> dir [/MacosExt/Users/larpoux/android-sdk-macosx/ndk-bundle/toolchains/llvm/prebuilt/darwin-x86_64/sysroot/usr/lib/aarch64-linux-android]
    arg [-L/MacosExt/Users/larpoux/android-sdk-macosx/ndk-bundle/toolchains/llvm/prebuilt/darwin-x86_64/lib/gcc/aarch64-linux-android/4.9.x/../../../../aarch64-linux-android/lib] ==> dir [/MacosExt/Users/larpoux/android-sdk-macosx/ndk-bundle/toolchains/llvm/prebuilt/darwin-x86_64/lib/gcc/aarch64-linux-android/4.9.x/../../../../aarch64-linux-android/lib]
    arg [-L/MacosExt/Users/larpoux/android-sdk-macosx/ndk-bundle/toolchains/llvm/prebuilt/darwin-x86_64/sysroot/usr/lib] ==> dir [/MacosExt/Users/larpoux/android-sdk-macosx/ndk-bundle/toolchains/llvm/prebuilt/darwin-x86_64/sysroot/usr/lib]
    arg [--exclude-libs] ==> ignore
    arg [libgcc.a] ==> ignore
    arg [--exclude-libs] ==> ignore
    arg [libatomic.a] ==> ignore
    arg [--build-id] ==> ignore
    arg [--warn-shared-textrel] ==> ignore
    arg [--fatal-warnings] ==> ignore
    arg [--no-undefined] ==> ignore
    arg [-znoexecstack] ==> ignore
    arg [--gc-sections] ==> ignore
    arg [CMakeFiles/cmTC_7dfc6.dir/CMakeCCompilerABI.c.o] ==> ignore
    arg [-lgcc] ==> lib [gcc]
    arg [-ldl] ==> lib [dl]
    arg [-lc] ==> lib [c]
    arg [-lgcc] ==> lib [gcc]
    arg [-ldl] ==> lib [dl]
    arg [/MacosExt/Users/larpoux/android-sdk-macosx/ndk-bundle/toolchains/llvm/prebuilt/darwin-x86_64/sysroot/usr/lib/aarch64-linux-android/28/crtend_android.o] ==> ignore
  collapse library dir [/MacosExt/Users/larpoux/android-sdk-macosx/ndk-bundle/toolchains/llvm/prebuilt/darwin-x86_64/lib64/clang/8.0.7/lib/linux/aarch64] ==> [/MacosExt/Users/larpoux/android-sdk-macosx/ndk-bundle/toolchains/llvm/prebuilt/darwin-x86_64/lib64/clang/8.0.7/lib/linux/aarch64]
  collapse library dir [/MacosExt/Users/larpoux/android-sdk-macosx/ndk-bundle/toolchains/llvm/prebuilt/darwin-x86_64/lib/gcc/aarch64-linux-android/4.9.x] ==> [/MacosExt/Users/larpoux/android-sdk-macosx/ndk-bundle/toolchains/llvm/prebuilt/darwin-x86_64/lib/gcc/aarch64-linux-android/4.9.x]
  collapse library dir [/MacosExt/Users/larpoux/android-sdk-macosx/ndk-bundle/toolchains/llvm/prebuilt/darwin-x86_64/lib/gcc/aarch64-linux-android/4.9.x/../../../../aarch64-linux-android/lib/../lib64] ==> [/MacosExt/Users/larpoux/android-sdk-macosx/ndk-bundle/toolchains/llvm/prebuilt/darwin-x86_64/aarch64-linux-android/lib64]
  collapse library dir [/MacosExt/Users/larpoux/android-sdk-macosx/ndk-bundle/toolchains/llvm/prebuilt/darwin-x86_64/sysroot/usr/lib/aarch64-linux-android/28] ==> [/MacosExt/Users/larpoux/android-sdk-macosx/ndk-bundle/toolchains/llvm/prebuilt/darwin-x86_64/sysroot/usr/lib/aarch64-linux-android/28]
  collapse library dir [/MacosExt/Users/larpoux/android-sdk-macosx/ndk-bundle/toolchains/llvm/prebuilt/darwin-x86_64/sysroot/usr/lib/aarch64-linux-android] ==> [/MacosExt/Users/larpoux/android-sdk-macosx/ndk-bundle/toolchains/llvm/prebuilt/darwin-x86_64/sysroot/usr/lib/aarch64-linux-android]
  collapse library dir [/MacosExt/Users/larpoux/android-sdk-macosx/ndk-bundle/toolchains/llvm/prebuilt/darwin-x86_64/lib/gcc/aarch64-linux-android/4.9.x/../../../../aarch64-linux-android/lib] ==> [/MacosExt/Users/larpoux/android-sdk-macosx/ndk-bundle/toolchains/llvm/prebuilt/darwin-x86_64/aarch64-linux-android/lib]
  collapse library dir [/MacosExt/Users/larpoux/android-sdk-macosx/ndk-bundle/toolchains/llvm/prebuilt/darwin-x86_64/sysroot/usr/lib] ==> [/MacosExt/Users/larpoux/android-sdk-macosx/ndk-bundle/toolchains/llvm/prebuilt/darwin-x86_64/sysroot/usr/lib]
  implicit libs: [gcc;dl;c;gcc;dl]
  implicit dirs: [/MacosExt/Users/larpoux/android-sdk-macosx/ndk-bundle/toolchains/llvm/prebuilt/darwin-x86_64/lib64/clang/8.0.7/lib/linux/aarch64;/MacosExt/Users/larpoux/android-sdk-macosx/ndk-bundle/toolchains/llvm/prebuilt/darwin-x86_64/lib/gcc/aarch64-linux-android/4.9.x;/MacosExt/Users/larpoux/android-sdk-macosx/ndk-bundle/toolchains/llvm/prebuilt/darwin-x86_64/aarch64-linux-android/lib64;/MacosExt/Users/larpoux/android-sdk-macosx/ndk-bundle/toolchains/llvm/prebuilt/darwin-x86_64/sysroot/usr/lib/aarch64-linux-android/28;/MacosExt/Users/larpoux/android-sdk-macosx/ndk-bundle/toolchains/llvm/prebuilt/darwin-x86_64/sysroot/usr/lib/aarch64-linux-android;/MacosExt/Users/larpoux/android-sdk-macosx/ndk-bundle/toolchains/llvm/prebuilt/darwin-x86_64/aarch64-linux-android/lib;/MacosExt/Users/larpoux/android-sdk-macosx/ndk-bundle/toolchains/llvm/prebuilt/darwin-x86_64/sysroot/usr/lib]
  implicit fwks: []


Determining if the CXX compiler works passed with the following output:
Change Dir: /MacosExt/Users/larpoux/projmac/luakit/LuaKitProject/src/Projects/libevent/CMakeFiles/CMakeTmp

Run Build Command(s):/usr/bin/make cmTC_a2286/fast && /Applications/Dev/Xcode.app/Contents/Developer/usr/bin/make -f CMakeFiles/cmTC_a2286.dir/build.make CMakeFiles/cmTC_a2286.dir/build
Building CXX object CMakeFiles/cmTC_a2286.dir/testCXXCompiler.cxx.o
/MacosExt/Users/larpoux/android-sdk-macosx/ndk-bundle/toolchains/llvm/prebuilt/darwin-x86_64/bin/clang++ --target=aarch64-none-linux-android28 --gcc-toolchain=/MacosExt/Users/larpoux/android-sdk-macosx/ndk-bundle/toolchains/llvm/prebuilt/darwin-x86_64 --sysroot=/MacosExt/Users/larpoux/android-sdk-macosx/ndk-bundle/toolchains/llvm/prebuilt/darwin-x86_64/sysroot    -g -DANDROID -fdata-sections -ffunction-sections -funwind-tables -fstack-protector-strong -no-canonical-prefixes -fno-addrsig -Wa,--noexecstack -Wformat -Werror=format-security    -fPIE   -o CMakeFiles/cmTC_a2286.dir/testCXXCompiler.cxx.o -c /MacosExt/Users/larpoux/projmac/luakit/LuaKitProject/src/Projects/libevent/CMakeFiles/CMakeTmp/testCXXCompiler.cxx
Linking CXX executable cmTC_a2286
/usr/local/Cellar/cmake/3.15.0/bin/cmake -E cmake_link_script CMakeFiles/cmTC_a2286.dir/link.txt --verbose=1
/MacosExt/Users/larpoux/android-sdk-macosx/ndk-bundle/toolchains/llvm/prebuilt/darwin-x86_64/bin/clang++ --target=aarch64-none-linux-android28 --gcc-toolchain=/MacosExt/Users/larpoux/android-sdk-macosx/ndk-bundle/toolchains/llvm/prebuilt/darwin-x86_64 --sysroot=/MacosExt/Users/larpoux/android-sdk-macosx/ndk-bundle/toolchains/llvm/prebuilt/darwin-x86_64/sysroot  -g -DANDROID -fdata-sections -ffunction-sections -funwind-tables -fstack-protector-strong -no-canonical-prefixes -fno-addrsig -Wa,--noexecstack -Wformat -Werror=format-security     -Wl,--exclude-libs,libgcc.a -Wl,--exclude-libs,libatomic.a -static-libstdc++ -Wl,--build-id -Wl,--warn-shared-textrel -Wl,--fatal-warnings -Wl,--no-undefined -Qunused-arguments -Wl,-z,noexecstack -Wl,--gc-sections   CMakeFiles/cmTC_a2286.dir/testCXXCompiler.cxx.o  -o cmTC_a2286 -latomic -lm 



Detecting CXX compiler ABI info compiled with the following output:
Change Dir: /MacosExt/Users/larpoux/projmac/luakit/LuaKitProject/src/Projects/libevent/CMakeFiles/CMakeTmp

Run Build Command(s):/usr/bin/make cmTC_2765d/fast && /Applications/Dev/Xcode.app/Contents/Developer/usr/bin/make -f CMakeFiles/cmTC_2765d.dir/build.make CMakeFiles/cmTC_2765d.dir/build
Building CXX object CMakeFiles/cmTC_2765d.dir/CMakeCXXCompilerABI.cpp.o
/MacosExt/Users/larpoux/android-sdk-macosx/ndk-bundle/toolchains/llvm/prebuilt/darwin-x86_64/bin/clang++ --target=aarch64-none-linux-android28 --gcc-toolchain=/MacosExt/Users/larpoux/android-sdk-macosx/ndk-bundle/toolchains/llvm/prebuilt/darwin-x86_64 --sysroot=/MacosExt/Users/larpoux/android-sdk-macosx/ndk-bundle/toolchains/llvm/prebuilt/darwin-x86_64/sysroot    -g -DANDROID -fdata-sections -ffunction-sections -funwind-tables -fstack-protector-strong -no-canonical-prefixes -fno-addrsig -Wa,--noexecstack -Wformat -Werror=format-security    -fPIE   -v -o CMakeFiles/cmTC_2765d.dir/CMakeCXXCompilerABI.cpp.o -c /usr/local/Cellar/cmake/3.15.0/share/cmake/Modules/CMakeCXXCompilerABI.cpp
Android (5220042 based on r346389c) clang version 8.0.7 (https://android.googlesource.com/toolchain/clang b55f2d4ebfd35bf643d27dbca1bb228957008617) (https://android.googlesource.com/toolchain/llvm 3c393fe7a7e13b0fba4ac75a01aa683d7a5b11cd) (based on LLVM 8.0.7svn)
Target: aarch64-none-linux-android28
Thread model: posix
InstalledDir: /MacosExt/Users/larpoux/android-sdk-macosx/ndk-bundle/toolchains/llvm/prebuilt/darwin-x86_64/bin
Found candidate GCC installation: /MacosExt/Users/larpoux/android-sdk-macosx/ndk-bundle/toolchains/llvm/prebuilt/darwin-x86_64/lib/gcc/aarch64-linux-android/4.9.x
Selected GCC installation: /MacosExt/Users/larpoux/android-sdk-macosx/ndk-bundle/toolchains/llvm/prebuilt/darwin-x86_64/lib/gcc/aarch64-linux-android/4.9.x
Candidate multilib: .;@m64
Selected multilib: .;@m64
 "/MacosExt/Users/larpoux/android-sdk-macosx/ndk-bundle/toolchains/llvm/prebuilt/darwin-x86_64/bin/clang++" -cc1 -triple aarch64-none-linux-android28 -emit-obj -mrelax-all -mnoexecstack -disable-free -disable-llvm-verifier -discard-value-names -main-file-name CMakeCXXCompilerABI.cpp -mrelocation-model pic -pic-level 2 -pic-is-pie -mthread-model posix -mdisable-fp-elim -masm-verbose -mconstructor-aliases -munwind-tables -fuse-init-array -target-cpu generic -target-feature +neon -target-abi aapcs -mllvm -aarch64-fix-cortex-a53-835769=1 -fallow-half-arguments-and-returns -dwarf-column-info -debug-info-kind=limited -dwarf-version=4 -debugger-tuning=gdb -target-linker-version 241.9 -v -ffunction-sections -fdata-sections -coverage-notes-file /MacosExt/Users/larpoux/projmac/luakit/LuaKitProject/src/Projects/libevent/CMakeFiles/CMakeTmp/CMakeFiles/cmTC_2765d.dir/CMakeCXXCompilerABI.cpp.gcno -resource-dir /MacosExt/Users/larpoux/android-sdk-macosx/ndk-bundle/toolchains/llvm/prebuilt/darwin-x86_64/lib64/clang/8.0.7 -D ANDROID -isysroot /MacosExt/Users/larpoux/android-sdk-macosx/ndk-bundle/toolchains/llvm/prebuilt/darwin-x86_64/sysroot -internal-isystem /MacosExt/Users/larpoux/android-sdk-macosx/ndk-bundle/toolchains/llvm/prebuilt/darwin-x86_64/sysroot/usr/include/c++/v1 -internal-isystem /MacosExt/Users/larpoux/android-sdk-macosx/ndk-bundle/toolchains/llvm/prebuilt/darwin-x86_64/sysroot/usr/local/include -internal-isystem /MacosExt/Users/larpoux/android-sdk-macosx/ndk-bundle/toolchains/llvm/prebuilt/darwin-x86_64/lib64/clang/8.0.7/include -internal-externc-isystem /MacosExt/Users/larpoux/android-sdk-macosx/ndk-bundle/toolchains/llvm/prebuilt/darwin-x86_64/sysroot/usr/include/aarch64-linux-android -internal-externc-isystem /MacosExt/Users/larpoux/android-sdk-macosx/ndk-bundle/toolchains/llvm/prebuilt/darwin-x86_64/sysroot/include -internal-externc-isystem /MacosExt/Users/larpoux/android-sdk-macosx/ndk-bundle/toolchains/llvm/prebuilt/darwin-x86_64/sysroot/usr/include -Wformat -Werror=format-security -fdeprecated-macro -fdebug-compilation-dir /MacosExt/Users/larpoux/projmac/luakit/LuaKitProject/src/Projects/libevent/CMakeFiles/CMakeTmp -ferror-limit 19 -fmessage-length 0 -stack-protector 2 -fno-signed-char -fobjc-runtime=gcc -fcxx-exceptions -fexceptions -fdiagnostics-show-option -o CMakeFiles/cmTC_2765d.dir/CMakeCXXCompilerABI.cpp.o -x c++ /usr/local/Cellar/cmake/3.15.0/share/cmake/Modules/CMakeCXXCompilerABI.cpp
clang -cc1 version 8.0.7 based upon LLVM 8.0.7svn default target x86_64-apple-darwin18.7.0
ignoring nonexistent directory "/MacosExt/Users/larpoux/android-sdk-macosx/ndk-bundle/toolchains/llvm/prebuilt/darwin-x86_64/sysroot/include"
#include "..." search starts here:
#include <...> search starts here:
 /MacosExt/Users/larpoux/android-sdk-macosx/ndk-bundle/toolchains/llvm/prebuilt/darwin-x86_64/sysroot/usr/include/c++/v1
 /MacosExt/Users/larpoux/android-sdk-macosx/ndk-bundle/toolchains/llvm/prebuilt/darwin-x86_64/sysroot/usr/local/include
 /MacosExt/Users/larpoux/android-sdk-macosx/ndk-bundle/toolchains/llvm/prebuilt/darwin-x86_64/lib64/clang/8.0.7/include
 /MacosExt/Users/larpoux/android-sdk-macosx/ndk-bundle/toolchains/llvm/prebuilt/darwin-x86_64/sysroot/usr/include/aarch64-linux-android
 /MacosExt/Users/larpoux/android-sdk-macosx/ndk-bundle/toolchains/llvm/prebuilt/darwin-x86_64/sysroot/usr/include
End of search list.
Linking CXX executable cmTC_2765d
/usr/local/Cellar/cmake/3.15.0/bin/cmake -E cmake_link_script CMakeFiles/cmTC_2765d.dir/link.txt --verbose=1
/MacosExt/Users/larpoux/android-sdk-macosx/ndk-bundle/toolchains/llvm/prebuilt/darwin-x86_64/bin/clang++ --target=aarch64-none-linux-android28 --gcc-toolchain=/MacosExt/Users/larpoux/android-sdk-macosx/ndk-bundle/toolchains/llvm/prebuilt/darwin-x86_64 --sysroot=/MacosExt/Users/larpoux/android-sdk-macosx/ndk-bundle/toolchains/llvm/prebuilt/darwin-x86_64/sysroot  -g -DANDROID -fdata-sections -ffunction-sections -funwind-tables -fstack-protector-strong -no-canonical-prefixes -fno-addrsig -Wa,--noexecstack -Wformat -Werror=format-security     -Wl,--exclude-libs,libgcc.a -Wl,--exclude-libs,libatomic.a -static-libstdc++ -Wl,--build-id -Wl,--warn-shared-textrel -Wl,--fatal-warnings -Wl,--no-undefined -Qunused-arguments -Wl,-z,noexecstack -Wl,--gc-sections  -v CMakeFiles/cmTC_2765d.dir/CMakeCXXCompilerABI.cpp.o  -o cmTC_2765d 
Android (5220042 based on r346389c) clang version 8.0.7 (https://android.googlesource.com/toolchain/clang b55f2d4ebfd35bf643d27dbca1bb228957008617) (https://android.googlesource.com/toolchain/llvm 3c393fe7a7e13b0fba4ac75a01aa683d7a5b11cd) (based on LLVM 8.0.7svn)
Target: aarch64-none-linux-android28
Thread model: posix
InstalledDir: /MacosExt/Users/larpoux/android-sdk-macosx/ndk-bundle/toolchains/llvm/prebuilt/darwin-x86_64/bin
Found candidate GCC installation: /MacosExt/Users/larpoux/android-sdk-macosx/ndk-bundle/toolchains/llvm/prebuilt/darwin-x86_64/lib/gcc/aarch64-linux-android/4.9.x
Selected GCC installation: /MacosExt/Users/larpoux/android-sdk-macosx/ndk-bundle/toolchains/llvm/prebuilt/darwin-x86_64/lib/gcc/aarch64-linux-android/4.9.x
Candidate multilib: .;@m64
Selected multilib: .;@m64
 "/MacosExt/Users/larpoux/android-sdk-macosx/ndk-bundle/toolchains/llvm/prebuilt/darwin-x86_64/lib/gcc/aarch64-linux-android/4.9.x/../../../../aarch64-linux-android/bin/ld" --sysroot=/MacosExt/Users/larpoux/android-sdk-macosx/ndk-bundle/toolchains/llvm/prebuilt/darwin-x86_64/sysroot -pie -EL --fix-cortex-a53-843419 -z now -z relro --hash-style=gnu --enable-new-dtags --eh-frame-hdr -m aarch64linux -dynamic-linker /system/bin/linker64 -o cmTC_2765d /MacosExt/Users/larpoux/android-sdk-macosx/ndk-bundle/toolchains/llvm/prebuilt/darwin-x86_64/sysroot/usr/lib/aarch64-linux-android/28/crtbegin_dynamic.o -L/MacosExt/Users/larpoux/android-sdk-macosx/ndk-bundle/toolchains/llvm/prebuilt/darwin-x86_64/lib64/clang/8.0.7/lib/linux/aarch64 -L/MacosExt/Users/larpoux/android-sdk-macosx/ndk-bundle/toolchains/llvm/prebuilt/darwin-x86_64/lib/gcc/aarch64-linux-android/4.9.x -L/MacosExt/Users/larpoux/android-sdk-macosx/ndk-bundle/toolchains/llvm/prebuilt/darwin-x86_64/lib/gcc/aarch64-linux-android/4.9.x/../../../../aarch64-linux-android/lib/../lib64 -L/MacosExt/Users/larpoux/android-sdk-macosx/ndk-bundle/toolchains/llvm/prebuilt/darwin-x86_64/sysroot/usr/lib/aarch64-linux-android/28 -L/MacosExt/Users/larpoux/android-sdk-macosx/ndk-bundle/toolchains/llvm/prebuilt/darwin-x86_64/sysroot/usr/lib/aarch64-linux-android -L/MacosExt/Users/larpoux/android-sdk-macosx/ndk-bundle/toolchains/llvm/prebuilt/darwin-x86_64/lib/gcc/aarch64-linux-android/4.9.x/../../../../aarch64-linux-android/lib -L/MacosExt/Users/larpoux/android-sdk-macosx/ndk-bundle/toolchains/llvm/prebuilt/darwin-x86_64/sysroot/usr/lib --exclude-libs libgcc.a --exclude-libs libatomic.a --build-id --warn-shared-textrel --fatal-warnings --no-undefined -z noexecstack --gc-sections CMakeFiles/cmTC_2765d.dir/CMakeCXXCompilerABI.cpp.o -Bstatic -lc++ -Bdynamic -lm -lgcc -ldl -lc -lgcc -ldl /MacosExt/Users/larpoux/android-sdk-macosx/ndk-bundle/toolchains/llvm/prebuilt/darwin-x86_64/sysroot/usr/lib/aarch64-linux-android/28/crtend_android.o



Parsed CXX implicit include dir info from above output: rv=done
  found start of include info
  found start of implicit include info
    add: [/MacosExt/Users/larpoux/android-sdk-macosx/ndk-bundle/toolchains/llvm/prebuilt/darwin-x86_64/sysroot/usr/include/c++/v1]
    add: [/MacosExt/Users/larpoux/android-sdk-macosx/ndk-bundle/toolchains/llvm/prebuilt/darwin-x86_64/sysroot/usr/local/include]
    add: [/MacosExt/Users/larpoux/android-sdk-macosx/ndk-bundle/toolchains/llvm/prebuilt/darwin-x86_64/lib64/clang/8.0.7/include]
    add: [/MacosExt/Users/larpoux/android-sdk-macosx/ndk-bundle/toolchains/llvm/prebuilt/darwin-x86_64/sysroot/usr/include/aarch64-linux-android]
    add: [/MacosExt/Users/larpoux/android-sdk-macosx/ndk-bundle/toolchains/llvm/prebuilt/darwin-x86_64/sysroot/usr/include]
  end of search list found
  collapse include dir [/MacosExt/Users/larpoux/android-sdk-macosx/ndk-bundle/toolchains/llvm/prebuilt/darwin-x86_64/sysroot/usr/include/c++/v1] ==> [/MacosExt/Users/larpoux/android-sdk-macosx/ndk-bundle/toolchains/llvm/prebuilt/darwin-x86_64/sysroot/usr/include/c++/v1]
  collapse include dir [/MacosExt/Users/larpoux/android-sdk-macosx/ndk-bundle/toolchains/llvm/prebuilt/darwin-x86_64/sysroot/usr/local/include] ==> [/MacosExt/Users/larpoux/android-sdk-macosx/ndk-bundle/toolchains/llvm/prebuilt/darwin-x86_64/sysroot/usr/local/include]
  collapse include dir [/MacosExt/Users/larpoux/android-sdk-macosx/ndk-bundle/toolchains/llvm/prebuilt/darwin-x86_64/lib64/clang/8.0.7/include] ==> [/MacosExt/Users/larpoux/android-sdk-macosx/ndk-bundle/toolchains/llvm/prebuilt/darwin-x86_64/lib64/clang/8.0.7/include]
  collapse include dir [/MacosExt/Users/larpoux/android-sdk-macosx/ndk-bundle/toolchains/llvm/prebuilt/darwin-x86_64/sysroot/usr/include/aarch64-linux-android] ==> [/MacosExt/Users/larpoux/android-sdk-macosx/ndk-bundle/toolchains/llvm/prebuilt/darwin-x86_64/sysroot/usr/include/aarch64-linux-android]
  collapse include dir [/MacosExt/Users/larpoux/android-sdk-macosx/ndk-bundle/toolchains/llvm/prebuilt/darwin-x86_64/sysroot/usr/include] ==> [/MacosExt/Users/larpoux/android-sdk-macosx/ndk-bundle/toolchains/llvm/prebuilt/darwin-x86_64/sysroot/usr/include]
  implicit include dirs: [/MacosExt/Users/larpoux/android-sdk-macosx/ndk-bundle/toolchains/llvm/prebuilt/darwin-x86_64/sysroot/usr/include/c++/v1;/MacosExt/Users/larpoux/android-sdk-macosx/ndk-bundle/toolchains/llvm/prebuilt/darwin-x86_64/sysroot/usr/local/include;/MacosExt/Users/larpoux/android-sdk-macosx/ndk-bundle/toolchains/llvm/prebuilt/darwin-x86_64/lib64/clang/8.0.7/include;/MacosExt/Users/larpoux/android-sdk-macosx/ndk-bundle/toolchains/llvm/prebuilt/darwin-x86_64/sysroot/usr/include/aarch64-linux-android;/MacosExt/Users/larpoux/android-sdk-macosx/ndk-bundle/toolchains/llvm/prebuilt/darwin-x86_64/sysroot/usr/include]


Parsed CXX implicit link information from above output:
  link line regex: [^( *|.*[/\])(x86_64-linux-android-ld|CMAKE_LINK_STARTFILE-NOTFOUND|([^/\]+-)?ld|collect2)[^/\]*( |$)]
  ignore line: [Change Dir: /MacosExt/Users/larpoux/projmac/luakit/LuaKitProject/src/Projects/libevent/CMakeFiles/CMakeTmp]
  ignore line: []
  ignore line: [Run Build Command(s):/usr/bin/make cmTC_2765d/fast && /Applications/Dev/Xcode.app/Contents/Developer/usr/bin/make -f CMakeFiles/cmTC_2765d.dir/build.make CMakeFiles/cmTC_2765d.dir/build]
  ignore line: [Building CXX object CMakeFiles/cmTC_2765d.dir/CMakeCXXCompilerABI.cpp.o]
  ignore line: [/MacosExt/Users/larpoux/android-sdk-macosx/ndk-bundle/toolchains/llvm/prebuilt/darwin-x86_64/bin/clang++ --target=aarch64-none-linux-android28 --gcc-toolchain=/MacosExt/Users/larpoux/android-sdk-macosx/ndk-bundle/toolchains/llvm/prebuilt/darwin-x86_64 --sysroot=/MacosExt/Users/larpoux/android-sdk-macosx/ndk-bundle/toolchains/llvm/prebuilt/darwin-x86_64/sysroot    -g -DANDROID -fdata-sections -ffunction-sections -funwind-tables -fstack-protector-strong -no-canonical-prefixes -fno-addrsig -Wa,--noexecstack -Wformat -Werror=format-security    -fPIE   -v -o CMakeFiles/cmTC_2765d.dir/CMakeCXXCompilerABI.cpp.o -c /usr/local/Cellar/cmake/3.15.0/share/cmake/Modules/CMakeCXXCompilerABI.cpp]
  ignore line: [Android (5220042 based on r346389c) clang version 8.0.7 (https://android.googlesource.com/toolchain/clang b55f2d4ebfd35bf643d27dbca1bb228957008617) (https://android.googlesource.com/toolchain/llvm 3c393fe7a7e13b0fba4ac75a01aa683d7a5b11cd) (based on LLVM 8.0.7svn)]
  ignore line: [Target: aarch64-none-linux-android28]
  ignore line: [Thread model: posix]
  ignore line: [InstalledDir: /MacosExt/Users/larpoux/android-sdk-macosx/ndk-bundle/toolchains/llvm/prebuilt/darwin-x86_64/bin]
  ignore line: [Found candidate GCC installation: /MacosExt/Users/larpoux/android-sdk-macosx/ndk-bundle/toolchains/llvm/prebuilt/darwin-x86_64/lib/gcc/aarch64-linux-android/4.9.x]
  ignore line: [Selected GCC installation: /MacosExt/Users/larpoux/android-sdk-macosx/ndk-bundle/toolchains/llvm/prebuilt/darwin-x86_64/lib/gcc/aarch64-linux-android/4.9.x]
  ignore line: [Candidate multilib: .]
  ignore line: [@m64]
  ignore line: [Selected multilib: .]
  ignore line: [@m64]
  ignore line: [ "/MacosExt/Users/larpoux/android-sdk-macosx/ndk-bundle/toolchains/llvm/prebuilt/darwin-x86_64/bin/clang++" -cc1 -triple aarch64-none-linux-android28 -emit-obj -mrelax-all -mnoexecstack -disable-free -disable-llvm-verifier -discard-value-names -main-file-name CMakeCXXCompilerABI.cpp -mrelocation-model pic -pic-level 2 -pic-is-pie -mthread-model posix -mdisable-fp-elim -masm-verbose -mconstructor-aliases -munwind-tables -fuse-init-array -target-cpu generic -target-feature +neon -target-abi aapcs -mllvm -aarch64-fix-cortex-a53-835769=1 -fallow-half-arguments-and-returns -dwarf-column-info -debug-info-kind=limited -dwarf-version=4 -debugger-tuning=gdb -target-linker-version 241.9 -v -ffunction-sections -fdata-sections -coverage-notes-file /MacosExt/Users/larpoux/projmac/luakit/LuaKitProject/src/Projects/libevent/CMakeFiles/CMakeTmp/CMakeFiles/cmTC_2765d.dir/CMakeCXXCompilerABI.cpp.gcno -resource-dir /MacosExt/Users/larpoux/android-sdk-macosx/ndk-bundle/toolchains/llvm/prebuilt/darwin-x86_64/lib64/clang/8.0.7 -D ANDROID -isysroot /MacosExt/Users/larpoux/android-sdk-macosx/ndk-bundle/toolchains/llvm/prebuilt/darwin-x86_64/sysroot -internal-isystem /MacosExt/Users/larpoux/android-sdk-macosx/ndk-bundle/toolchains/llvm/prebuilt/darwin-x86_64/sysroot/usr/include/c++/v1 -internal-isystem /MacosExt/Users/larpoux/android-sdk-macosx/ndk-bundle/toolchains/llvm/prebuilt/darwin-x86_64/sysroot/usr/local/include -internal-isystem /MacosExt/Users/larpoux/android-sdk-macosx/ndk-bundle/toolchains/llvm/prebuilt/darwin-x86_64/lib64/clang/8.0.7/include -internal-externc-isystem /MacosExt/Users/larpoux/android-sdk-macosx/ndk-bundle/toolchains/llvm/prebuilt/darwin-x86_64/sysroot/usr/include/aarch64-linux-android -internal-externc-isystem /MacosExt/Users/larpoux/android-sdk-macosx/ndk-bundle/toolchains/llvm/prebuilt/darwin-x86_64/sysroot/include -internal-externc-isystem /MacosExt/Users/larpoux/android-sdk-macosx/ndk-bundle/toolchains/llvm/prebuilt/darwin-x86_64/sysroot/usr/include -Wformat -Werror=format-security -fdeprecated-macro -fdebug-compilation-dir /MacosExt/Users/larpoux/projmac/luakit/LuaKitProject/src/Projects/libevent/CMakeFiles/CMakeTmp -ferror-limit 19 -fmessage-length 0 -stack-protector 2 -fno-signed-char -fobjc-runtime=gcc -fcxx-exceptions -fexceptions -fdiagnostics-show-option -o CMakeFiles/cmTC_2765d.dir/CMakeCXXCompilerABI.cpp.o -x c++ /usr/local/Cellar/cmake/3.15.0/share/cmake/Modules/CMakeCXXCompilerABI.cpp]
  ignore line: [clang -cc1 version 8.0.7 based upon LLVM 8.0.7svn default target x86_64-apple-darwin18.7.0]
  ignore line: [ignoring nonexistent directory "/MacosExt/Users/larpoux/android-sdk-macosx/ndk-bundle/toolchains/llvm/prebuilt/darwin-x86_64/sysroot/include"]
  ignore line: [#include "..." search starts here:]
  ignore line: [#include <...> search starts here:]
  ignore line: [ /MacosExt/Users/larpoux/android-sdk-macosx/ndk-bundle/toolchains/llvm/prebuilt/darwin-x86_64/sysroot/usr/include/c++/v1]
  ignore line: [ /MacosExt/Users/larpoux/android-sdk-macosx/ndk-bundle/toolchains/llvm/prebuilt/darwin-x86_64/sysroot/usr/local/include]
  ignore line: [ /MacosExt/Users/larpoux/android-sdk-macosx/ndk-bundle/toolchains/llvm/prebuilt/darwin-x86_64/lib64/clang/8.0.7/include]
  ignore line: [ /MacosExt/Users/larpoux/android-sdk-macosx/ndk-bundle/toolchains/llvm/prebuilt/darwin-x86_64/sysroot/usr/include/aarch64-linux-android]
  ignore line: [ /MacosExt/Users/larpoux/android-sdk-macosx/ndk-bundle/toolchains/llvm/prebuilt/darwin-x86_64/sysroot/usr/include]
  ignore line: [End of search list.]
  ignore line: [Linking CXX executable cmTC_2765d]
  ignore line: [/usr/local/Cellar/cmake/3.15.0/bin/cmake -E cmake_link_script CMakeFiles/cmTC_2765d.dir/link.txt --verbose=1]
  ignore line: [/MacosExt/Users/larpoux/android-sdk-macosx/ndk-bundle/toolchains/llvm/prebuilt/darwin-x86_64/bin/clang++ --target=aarch64-none-linux-android28 --gcc-toolchain=/MacosExt/Users/larpoux/android-sdk-macosx/ndk-bundle/toolchains/llvm/prebuilt/darwin-x86_64 --sysroot=/MacosExt/Users/larpoux/android-sdk-macosx/ndk-bundle/toolchains/llvm/prebuilt/darwin-x86_64/sysroot  -g -DANDROID -fdata-sections -ffunction-sections -funwind-tables -fstack-protector-strong -no-canonical-prefixes -fno-addrsig -Wa,--noexecstack -Wformat -Werror=format-security     -Wl,--exclude-libs,libgcc.a -Wl,--exclude-libs,libatomic.a -static-libstdc++ -Wl,--build-id -Wl,--warn-shared-textrel -Wl,--fatal-warnings -Wl,--no-undefined -Qunused-arguments -Wl,-z,noexecstack -Wl,--gc-sections  -v CMakeFiles/cmTC_2765d.dir/CMakeCXXCompilerABI.cpp.o  -o cmTC_2765d ]
  ignore line: [Android (5220042 based on r346389c) clang version 8.0.7 (https://android.googlesource.com/toolchain/clang b55f2d4ebfd35bf643d27dbca1bb228957008617) (https://android.googlesource.com/toolchain/llvm 3c393fe7a7e13b0fba4ac75a01aa683d7a5b11cd) (based on LLVM 8.0.7svn)]
  ignore line: [Target: aarch64-none-linux-android28]
  ignore line: [Thread model: posix]
  ignore line: [InstalledDir: /MacosExt/Users/larpoux/android-sdk-macosx/ndk-bundle/toolchains/llvm/prebuilt/darwin-x86_64/bin]
  ignore line: [Found candidate GCC installation: /MacosExt/Users/larpoux/android-sdk-macosx/ndk-bundle/toolchains/llvm/prebuilt/darwin-x86_64/lib/gcc/aarch64-linux-android/4.9.x]
  ignore line: [Selected GCC installation: /MacosExt/Users/larpoux/android-sdk-macosx/ndk-bundle/toolchains/llvm/prebuilt/darwin-x86_64/lib/gcc/aarch64-linux-android/4.9.x]
  ignore line: [Candidate multilib: .]
  ignore line: [@m64]
  ignore line: [Selected multilib: .]
  ignore line: [@m64]
  link line: [ "/MacosExt/Users/larpoux/android-sdk-macosx/ndk-bundle/toolchains/llvm/prebuilt/darwin-x86_64/lib/gcc/aarch64-linux-android/4.9.x/../../../../aarch64-linux-android/bin/ld" --sysroot=/MacosExt/Users/larpoux/android-sdk-macosx/ndk-bundle/toolchains/llvm/prebuilt/darwin-x86_64/sysroot -pie -EL --fix-cortex-a53-843419 -z now -z relro --hash-style=gnu --enable-new-dtags --eh-frame-hdr -m aarch64linux -dynamic-linker /system/bin/linker64 -o cmTC_2765d /MacosExt/Users/larpoux/android-sdk-macosx/ndk-bundle/toolchains/llvm/prebuilt/darwin-x86_64/sysroot/usr/lib/aarch64-linux-android/28/crtbegin_dynamic.o -L/MacosExt/Users/larpoux/android-sdk-macosx/ndk-bundle/toolchains/llvm/prebuilt/darwin-x86_64/lib64/clang/8.0.7/lib/linux/aarch64 -L/MacosExt/Users/larpoux/android-sdk-macosx/ndk-bundle/toolchains/llvm/prebuilt/darwin-x86_64/lib/gcc/aarch64-linux-android/4.9.x -L/MacosExt/Users/larpoux/android-sdk-macosx/ndk-bundle/toolchains/llvm/prebuilt/darwin-x86_64/lib/gcc/aarch64-linux-android/4.9.x/../../../../aarch64-linux-android/lib/../lib64 -L/MacosExt/Users/larpoux/android-sdk-macosx/ndk-bundle/toolchains/llvm/prebuilt/darwin-x86_64/sysroot/usr/lib/aarch64-linux-android/28 -L/MacosExt/Users/larpoux/android-sdk-macosx/ndk-bundle/toolchains/llvm/prebuilt/darwin-x86_64/sysroot/usr/lib/aarch64-linux-android -L/MacosExt/Users/larpoux/android-sdk-macosx/ndk-bundle/toolchains/llvm/prebuilt/darwin-x86_64/lib/gcc/aarch64-linux-android/4.9.x/../../../../aarch64-linux-android/lib -L/MacosExt/Users/larpoux/android-sdk-macosx/ndk-bundle/toolchains/llvm/prebuilt/darwin-x86_64/sysroot/usr/lib --exclude-libs libgcc.a --exclude-libs libatomic.a --build-id --warn-shared-textrel --fatal-warnings --no-undefined -z noexecstack --gc-sections CMakeFiles/cmTC_2765d.dir/CMakeCXXCompilerABI.cpp.o -Bstatic -lc++ -Bdynamic -lm -lgcc -ldl -lc -lgcc -ldl /MacosExt/Users/larpoux/android-sdk-macosx/ndk-bundle/toolchains/llvm/prebuilt/darwin-x86_64/sysroot/usr/lib/aarch64-linux-android/28/crtend_android.o]
    arg [/MacosExt/Users/larpoux/android-sdk-macosx/ndk-bundle/toolchains/llvm/prebuilt/darwin-x86_64/lib/gcc/aarch64-linux-android/4.9.x/../../../../aarch64-linux-android/bin/ld] ==> ignore
    arg [--sysroot=/MacosExt/Users/larpoux/android-sdk-macosx/ndk-bundle/toolchains/llvm/prebuilt/darwin-x86_64/sysroot] ==> ignore
    arg [-pie] ==> ignore
    arg [-EL] ==> ignore
    arg [--fix-cortex-a53-843419] ==> ignore
    arg [-znow] ==> ignore
    arg [-zrelro] ==> ignore
    arg [--hash-style=gnu] ==> ignore
    arg [--enable-new-dtags] ==> ignore
    arg [--eh-frame-hdr] ==> ignore
    arg [-m] ==> ignore
    arg [aarch64linux] ==> ignore
    arg [-dynamic-linker] ==> ignore
    arg [/system/bin/linker64] ==> ignore
    arg [-o] ==> ignore
    arg [cmTC_2765d] ==> ignore
    arg [/MacosExt/Users/larpoux/android-sdk-macosx/ndk-bundle/toolchains/llvm/prebuilt/darwin-x86_64/sysroot/usr/lib/aarch64-linux-android/28/crtbegin_dynamic.o] ==> ignore
    arg [-L/MacosExt/Users/larpoux/android-sdk-macosx/ndk-bundle/toolchains/llvm/prebuilt/darwin-x86_64/lib64/clang/8.0.7/lib/linux/aarch64] ==> dir [/MacosExt/Users/larpoux/android-sdk-macosx/ndk-bundle/toolchains/llvm/prebuilt/darwin-x86_64/lib64/clang/8.0.7/lib/linux/aarch64]
    arg [-L/MacosExt/Users/larpoux/android-sdk-macosx/ndk-bundle/toolchains/llvm/prebuilt/darwin-x86_64/lib/gcc/aarch64-linux-android/4.9.x] ==> dir [/MacosExt/Users/larpoux/android-sdk-macosx/ndk-bundle/toolchains/llvm/prebuilt/darwin-x86_64/lib/gcc/aarch64-linux-android/4.9.x]
    arg [-L/MacosExt/Users/larpoux/android-sdk-macosx/ndk-bundle/toolchains/llvm/prebuilt/darwin-x86_64/lib/gcc/aarch64-linux-android/4.9.x/../../../../aarch64-linux-android/lib/../lib64] ==> dir [/MacosExt/Users/larpoux/android-sdk-macosx/ndk-bundle/toolchains/llvm/prebuilt/darwin-x86_64/lib/gcc/aarch64-linux-android/4.9.x/../../../../aarch64-linux-android/lib/../lib64]
    arg [-L/MacosExt/Users/larpoux/android-sdk-macosx/ndk-bundle/toolchains/llvm/prebuilt/darwin-x86_64/sysroot/usr/lib/aarch64-linux-android/28] ==> dir [/MacosExt/Users/larpoux/android-sdk-macosx/ndk-bundle/toolchains/llvm/prebuilt/darwin-x86_64/sysroot/usr/lib/aarch64-linux-android/28]
    arg [-L/MacosExt/Users/larpoux/android-sdk-macosx/ndk-bundle/toolchains/llvm/prebuilt/darwin-x86_64/sysroot/usr/lib/aarch64-linux-android] ==> dir [/MacosExt/Users/larpoux/android-sdk-macosx/ndk-bundle/toolchains/llvm/prebuilt/darwin-x86_64/sysroot/usr/lib/aarch64-linux-android]
    arg [-L/MacosExt/Users/larpoux/android-sdk-macosx/ndk-bundle/toolchains/llvm/prebuilt/darwin-x86_64/lib/gcc/aarch64-linux-android/4.9.x/../../../../aarch64-linux-android/lib] ==> dir [/MacosExt/Users/larpoux/android-sdk-macosx/ndk-bundle/toolchains/llvm/prebuilt/darwin-x86_64/lib/gcc/aarch64-linux-android/4.9.x/../../../../aarch64-linux-android/lib]
    arg [-L/MacosExt/Users/larpoux/android-sdk-macosx/ndk-bundle/toolchains/llvm/prebuilt/darwin-x86_64/sysroot/usr/lib] ==> dir [/MacosExt/Users/larpoux/android-sdk-macosx/ndk-bundle/toolchains/llvm/prebuilt/darwin-x86_64/sysroot/usr/lib]
    arg [--exclude-libs] ==> ignore
    arg [libgcc.a] ==> ignore
    arg [--exclude-libs] ==> ignore
    arg [libatomic.a] ==> ignore
    arg [--build-id] ==> ignore
    arg [--warn-shared-textrel] ==> ignore
    arg [--fatal-warnings] ==> ignore
    arg [--no-undefined] ==> ignore
    arg [-znoexecstack] ==> ignore
    arg [--gc-sections] ==> ignore
    arg [CMakeFiles/cmTC_2765d.dir/CMakeCXXCompilerABI.cpp.o] ==> ignore
    arg [-Bstatic] ==> ignore
    arg [-lc++] ==> lib [c++]
    arg [-Bdynamic] ==> ignore
    arg [-lm] ==> lib [m]
    arg [-lgcc] ==> lib [gcc]
    arg [-ldl] ==> lib [dl]
    arg [-lc] ==> lib [c]
    arg [-lgcc] ==> lib [gcc]
    arg [-ldl] ==> lib [dl]
    arg [/MacosExt/Users/larpoux/android-sdk-macosx/ndk-bundle/toolchains/llvm/prebuilt/darwin-x86_64/sysroot/usr/lib/aarch64-linux-android/28/crtend_android.o] ==> ignore
  collapse library dir [/MacosExt/Users/larpoux/android-sdk-macosx/ndk-bundle/toolchains/llvm/prebuilt/darwin-x86_64/lib64/clang/8.0.7/lib/linux/aarch64] ==> [/MacosExt/Users/larpoux/android-sdk-macosx/ndk-bundle/toolchains/llvm/prebuilt/darwin-x86_64/lib64/clang/8.0.7/lib/linux/aarch64]
  collapse library dir [/MacosExt/Users/larpoux/android-sdk-macosx/ndk-bundle/toolchains/llvm/prebuilt/darwin-x86_64/lib/gcc/aarch64-linux-android/4.9.x] ==> [/MacosExt/Users/larpoux/android-sdk-macosx/ndk-bundle/toolchains/llvm/prebuilt/darwin-x86_64/lib/gcc/aarch64-linux-android/4.9.x]
  collapse library dir [/MacosExt/Users/larpoux/android-sdk-macosx/ndk-bundle/toolchains/llvm/prebuilt/darwin-x86_64/lib/gcc/aarch64-linux-android/4.9.x/../../../../aarch64-linux-android/lib/../lib64] ==> [/MacosExt/Users/larpoux/android-sdk-macosx/ndk-bundle/toolchains/llvm/prebuilt/darwin-x86_64/aarch64-linux-android/lib64]
  collapse library dir [/MacosExt/Users/larpoux/android-sdk-macosx/ndk-bundle/toolchains/llvm/prebuilt/darwin-x86_64/sysroot/usr/lib/aarch64-linux-android/28] ==> [/MacosExt/Users/larpoux/android-sdk-macosx/ndk-bundle/toolchains/llvm/prebuilt/darwin-x86_64/sysroot/usr/lib/aarch64-linux-android/28]
  collapse library dir [/MacosExt/Users/larpoux/android-sdk-macosx/ndk-bundle/toolchains/llvm/prebuilt/darwin-x86_64/sysroot/usr/lib/aarch64-linux-android] ==> [/MacosExt/Users/larpoux/android-sdk-macosx/ndk-bundle/toolchains/llvm/prebuilt/darwin-x86_64/sysroot/usr/lib/aarch64-linux-android]
  collapse library dir [/MacosExt/Users/larpoux/android-sdk-macosx/ndk-bundle/toolchains/llvm/prebuilt/darwin-x86_64/lib/gcc/aarch64-linux-android/4.9.x/../../../../aarch64-linux-android/lib] ==> [/MacosExt/Users/larpoux/android-sdk-macosx/ndk-bundle/toolchains/llvm/prebuilt/darwin-x86_64/aarch64-linux-android/lib]
  collapse library dir [/MacosExt/Users/larpoux/android-sdk-macosx/ndk-bundle/toolchains/llvm/prebuilt/darwin-x86_64/sysroot/usr/lib] ==> [/MacosExt/Users/larpoux/android-sdk-macosx/ndk-bundle/toolchains/llvm/prebuilt/darwin-x86_64/sysroot/usr/lib]
  implicit libs: [c++;m;gcc;dl;c;gcc;dl]
  implicit dirs: [/MacosExt/Users/larpoux/android-sdk-macosx/ndk-bundle/toolchains/llvm/prebuilt/darwin-x86_64/lib64/clang/8.0.7/lib/linux/aarch64;/MacosExt/Users/larpoux/android-sdk-macosx/ndk-bundle/toolchains/llvm/prebuilt/darwin-x86_64/lib/gcc/aarch64-linux-android/4.9.x;/MacosExt/Users/larpoux/android-sdk-macosx/ndk-bundle/toolchains/llvm/prebuilt/darwin-x86_64/aarch64-linux-android/lib64;/MacosExt/Users/larpoux/android-sdk-macosx/ndk-bundle/toolchains/llvm/prebuilt/darwin-x86_64/sysroot/usr/lib/aarch64-linux-android/28;/MacosExt/Users/larpoux/android-sdk-macosx/ndk-bundle/toolchains/llvm/prebuilt/darwin-x86_64/sysroot/usr/lib/aarch64-linux-android;/MacosExt/Users/larpoux/android-sdk-macosx/ndk-bundle/toolchains/llvm/prebuilt/darwin-x86_64/aarch64-linux-android/lib;/MacosExt/Users/larpoux/android-sdk-macosx/ndk-bundle/toolchains/llvm/prebuilt/darwin-x86_64/sysroot/usr/lib]
  implicit fwks: []




Detecting CXX [] compiler features compiled with the following output:
Change Dir: /MacosExt/Users/larpoux/projmac/luakit/LuaKitProject/src/Projects/libevent/CMakeFiles/CMakeTmp

Run Build Command(s):/usr/bin/make cmTC_ca06a/fast && /Applications/Dev/Xcode.app/Contents/Developer/usr/bin/make -f CMakeFiles/cmTC_ca06a.dir/build.make CMakeFiles/cmTC_ca06a.dir/build
Building CXX object CMakeFiles/cmTC_ca06a.dir/feature_tests.cxx.o
/MacosExt/Users/larpoux/android-sdk-macosx/ndk-bundle/toolchains/llvm/prebuilt/darwin-x86_64/bin/clang++ --target=aarch64-none-linux-android28 --gcc-toolchain=/MacosExt/Users/larpoux/android-sdk-macosx/ndk-bundle/toolchains/llvm/prebuilt/darwin-x86_64 --sysroot=/MacosExt/Users/larpoux/android-sdk-macosx/ndk-bundle/toolchains/llvm/prebuilt/darwin-x86_64/sysroot    -g -DANDROID -fdata-sections -ffunction-sections -funwind-tables -fstack-protector-strong -no-canonical-prefixes -fno-addrsig -Wa,--noexecstack -Wformat -Werror=format-security    -fPIE   -o CMakeFiles/cmTC_ca06a.dir/feature_tests.cxx.o -c /MacosExt/Users/larpoux/projmac/luakit/LuaKitProject/src/Projects/libevent/CMakeFiles/feature_tests.cxx
Linking CXX executable cmTC_ca06a
/usr/local/Cellar/cmake/3.15.0/bin/cmake -E cmake_link_script CMakeFiles/cmTC_ca06a.dir/link.txt --verbose=1
/MacosExt/Users/larpoux/android-sdk-macosx/ndk-bundle/toolchains/llvm/prebuilt/darwin-x86_64/bin/clang++ --target=aarch64-none-linux-android28 --gcc-toolchain=/MacosExt/Users/larpoux/android-sdk-macosx/ndk-bundle/toolchains/llvm/prebuilt/darwin-x86_64 --sysroot=/MacosExt/Users/larpoux/android-sdk-macosx/ndk-bundle/toolchains/llvm/prebuilt/darwin-x86_64/sysroot  -g -DANDROID -fdata-sections -ffunction-sections -funwind-tables -fstack-protector-strong -no-canonical-prefixes -fno-addrsig -Wa,--noexecstack -Wformat -Werror=format-security     -Wl,--exclude-libs,libgcc.a -Wl,--exclude-libs,libatomic.a -static-libstdc++ -Wl,--build-id -Wl,--warn-shared-textrel -Wl,--fatal-warnings -Wl,--no-undefined -Qunused-arguments -Wl,-z,noexecstack -Wl,--gc-sections   CMakeFiles/cmTC_ca06a.dir/feature_tests.cxx.o  -o cmTC_ca06a -latomic -lm 



    Feature record: CXX_FEATURE:1cxx_template_template_parameters
    Feature record: CXX_FEATURE:1cxx_alias_templates
    Feature record: CXX_FEATURE:1cxx_alignas
    Feature record: CXX_FEATURE:1cxx_alignof
    Feature record: CXX_FEATURE:1cxx_attributes
    Feature record: CXX_FEATURE:1cxx_auto_type
    Feature record: CXX_FEATURE:1cxx_constexpr
    Feature record: CXX_FEATURE:1cxx_decltype
    Feature record: CXX_FEATURE:1cxx_decltype_incomplete_return_types
    Feature record: CXX_FEATURE:1cxx_default_function_template_args
    Feature record: CXX_FEATURE:1cxx_defaulted_functions
    Feature record: CXX_FEATURE:1cxx_defaulted_move_initializers
    Feature record: CXX_FEATURE:1cxx_delegating_constructors
    Feature record: CXX_FEATURE:1cxx_deleted_functions
    Feature record: CXX_FEATURE:1cxx_enum_forward_declarations
    Feature record: CXX_FEATURE:1cxx_explicit_conversions
    Feature record: CXX_FEATURE:1cxx_extended_friend_declarations
    Feature record: CXX_FEATURE:1cxx_extern_templates
    Feature record: CXX_FEATURE:1cxx_final
    Feature record: CXX_FEATURE:1cxx_func_identifier
    Feature record: CXX_FEATURE:1cxx_generalized_initializers
    Feature record: CXX_FEATURE:1cxx_inheriting_constructors
    Feature record: CXX_FEATURE:1cxx_inline_namespaces
    Feature record: CXX_FEATURE:1cxx_lambdas
    Feature record: CXX_FEATURE:1cxx_local_type_template_args
    Feature record: CXX_FEATURE:1cxx_long_long_type
    Feature record: CXX_FEATURE:1cxx_noexcept
    Feature record: CXX_FEATURE:1cxx_nonstatic_member_init
    Feature record: CXX_FEATURE:1cxx_nullptr
    Feature record: CXX_FEATURE:1cxx_override
    Feature record: CXX_FEATURE:1cxx_range_for
    Feature record: CXX_FEATURE:1cxx_raw_string_literals
    Feature record: CXX_FEATURE:1cxx_reference_qualified_functions
    Feature record: CXX_FEATURE:1cxx_right_angle_brackets
    Feature record: CXX_FEATURE:1cxx_rvalue_references
    Feature record: CXX_FEATURE:1cxx_sizeof_member
    Feature record: CXX_FEATURE:1cxx_static_assert
    Feature record: CXX_FEATURE:1cxx_strong_enums
    Feature record: CXX_FEATURE:1cxx_thread_local
    Feature record: CXX_FEATURE:1cxx_trailing_return_types
    Feature record: CXX_FEATURE:1cxx_unicode_literals
    Feature record: CXX_FEATURE:1cxx_uniform_initialization
    Feature record: CXX_FEATURE:1cxx_unrestricted_unions
    Feature record: CXX_FEATURE:1cxx_user_literals
    Feature record: CXX_FEATURE:1cxx_variadic_macros
    Feature record: CXX_FEATURE:1cxx_variadic_templates
    Feature record: CXX_FEATURE:1cxx_aggregate_default_initializers
    Feature record: CXX_FEATURE:1cxx_attribute_deprecated
    Feature record: CXX_FEATURE:1cxx_binary_literals
    Feature record: CXX_FEATURE:1cxx_contextual_conversions
    Feature record: CXX_FEATURE:1cxx_decltype_auto
    Feature record: CXX_FEATURE:1cxx_digit_separators
    Feature record: CXX_FEATURE:1cxx_generic_lambdas
    Feature record: CXX_FEATURE:1cxx_lambda_init_captures
    Feature record: CXX_FEATURE:1cxx_relaxed_constexpr
    Feature record: CXX_FEATURE:1cxx_return_type_deduction
    Feature record: CXX_FEATURE:1cxx_variable_templates
